#
# A fatal error has been detected by the Java Runtime Environment:
#
#  EXCEPTION_ACCESS_VIOLATION (0xc0000005) at pc=0x00007ffe507bff90, pid=54696, tid=52612
#
# JRE version: OpenJDK Runtime Environment Corretto-11.0.18.10.1 (11.0.18+10) (build 11.0.18+10-LTS)
# Java VM: OpenJDK 64-Bit Server VM Corretto-11.0.18.10.1 (11.0.18+10-LTS, mixed mode, tiered, compressed oops, g1 gc, windows-amd64)
# Problematic frame:
# V  [jvm.dll+0x10ff90]
#
# No core dump will be written. Minidumps are not enabled by default on client versions of Windows
#
# If you would like to submit a bug report, please visit:
#   https://github.com/corretto/corretto-11/issues/
#

---------------  S U M M A R Y ------------

Command Line: -javaagent:D:\SoftwareStorage\Develop\JetBrains\apps\IDEA-U\ch-0\223.8617.56\lib\idea_rt.jar=14848:D:\SoftwareStorage\Develop\JetBrains\apps\IDEA-U\ch-0\223.8617.56\bin -Dfile.encoding=UTF-8 --module-path=D:\FileStorage\DevelopFile\FXMLlib\jpcap.jar;C:\Users\23076\.m2\repository\org\openjfx\javafx-graphics\17.0.2\javafx-graphics-17.0.2-win.jar;C:\Users\23076\.m2\repository\org\kordamp\bootstrapfx\bootstrapfx-core\0.4.0\bootstrapfx-core-0.4.0.jar;C:\Users\23076\.m2\repository\org\kordamp\ikonli\ikonli-core\12.3.1\ikonli-core-12.3.1.jar;C:\Users\23076\.m2\repository\net\synedra\validatorfx\0.4.0\validatorfx-0.4.0.jar;C:\Users\23076\.m2\repository\org\controlsfx\controlsfx\11.1.2\controlsfx-11.1.2.jar;C:\Users\23076\.m2\repository\org\openjfx\javafx-fxml\17.0.2\javafx-fxml-17.0.2-win.jar;C:\Users\23076\.m2\repository\com\dlsc\formsfx\formsfx-core\11.5.0\formsfx-core-11.5.0.jar;D:\FileStorage\DevelopFile\CodeField\CodeField_JAVAFx\YawnSuite\YawnSuite\target\classes;C:\Users\23076\.m2\repository\org\openjfx\javafx-base\17.0.2\javafx-base-17.0.2-win.jar;D:\FileStorage\DevelopFile\FXMLlib\gson-2.3.1.jar;C:\Users\23076\.m2\repository\org\kordamp\ikonli\ikonli-javafx\12.3.1\ikonli-javafx-12.3.1.jar;C:\Users\23076\.m2\repository\org\openjfx\javafx-controls\17.0.2\javafx-controls-17.0.2-win.jar -Djdk.module.main=pers.harry_deng.yawnsuite pers.harry_deng.yawnsuite/pers.harry_deng.yawnsuite.Starter

Host: Intel(R) Core(TM) i7-9750H CPU @ 2.60GHz, 12 cores, 15G,  Windows 11 , 64 bit Build 22621 (10.0.22621.1344)
Time: Tue Mar 21 16:34:56 2023  Windows 11 , 64 bit Build 22621 (10.0.22621.1344) elapsed time: 836.968779 seconds (0d 0h 13m 56s)

---------------  T H R E A D  ---------------

Current thread (0x0000019f45cab800):  JavaThread "Thread-4" [_thread_in_vm, id=52612, stack(0x0000000ba6800000,0x0000000ba6900000)]

Stack: [0x0000000ba6800000,0x0000000ba6900000],  sp=0x0000000ba68fed78,  free space=1019k
Native frames: (J=compiled Java code, j=interpreted, Vv=VM code, C=native code)
V  [jvm.dll+0x10ff90]

Java frames: (J=compiled Java code, j=interpreted, Vv=VM code)
J 5994  jpcap.JpcapSender.nativeSendPacket(Ljpcap/packet/Packet;)V jpcap (0 bytes) @ 0x0000019f2986371f [0x0000019f298636c0+0x000000000000005f]
J 5993 c1 jpcap.JpcapSender.sendPacket(Ljpcap/packet/Packet;)V jpcap (23 bytes) @ 0x0000019f22cf92cc [0x0000019f22cf91e0+0x00000000000000ec]
j  pers.harry_deng.yawnsuite.functions.ARPAttack.run()V+345 pers.harry_deng.yawnsuite
j  java.lang.Thread.run()V+11 java.base@11.0.18
v  ~StubRoutines::call_stub

siginfo: EXCEPTION_ACCESS_VIOLATION (0xc0000005), reading address 0x0000000000000000


Register to memory mapping:

RIP=0x00007ffe507bff90 jvm.dll
RAX=0x0 is NULL
RBX=0x0000019f45cab800 is a thread
RCX=0x0 is NULL
RDX=0x0000000000000006 is an unknown value
RSP=0x0000000ba68fed78 is pointing into the stack for thread: 0x0000019f45cab800
RBP=0x0000000ba68fee00 is pointing into the stack for thread: 0x0000019f45cab800
RSI=0x0000019f45cab800 is a thread
RDI=0x0 is NULL
R8 =0x0 is NULL
R9 =0x0 is NULL
R10=0x0000019f3ff0fbf0 points into unknown readable memory: 0x0000001e00000003 | 03 00 00 00 1e 00 00 00
R11=0x0000000ba68fedc0 is pointing into the stack for thread: 0x0000019f45cab800
R12=0x0 is NULL
R13=0x0000019f45cabb48 points into unknown readable memory: 0x00007ffe510fbeb0 | b0 be 0f 51 fe 7f 00 00
R14=0x0 is NULL
R15=0x0 is NULL


Registers:
RAX=0x0000000000000000, RBX=0x0000019f45cab800, RCX=0x0000000000000000, RDX=0x0000000000000006
RSP=0x0000000ba68fed78, RBP=0x0000000ba68fee00, RSI=0x0000019f45cab800, RDI=0x0000000000000000
R8 =0x0000000000000000, R9 =0x0000000000000000, R10=0x0000019f3ff0fbf0, R11=0x0000000ba68fedc0
R12=0x0000000000000000, R13=0x0000019f45cabb48, R14=0x0000000000000000, R15=0x0000000000000000
RIP=0x00007ffe507bff90, EFLAGS=0x0000000000010246

Top of Stack: (sp=0x0000000ba68fed78)
0x0000000ba68fed78:   00007ffe50a7daea 0000019f45cab800
0x0000000ba68fed88:   0000019f4b6d2548 0000019f45cab800
0x0000000ba68fed98:   0000019f45cab800 0000019f45cab800
0x0000000ba68feda8:   0000000000000000 0000019f45cab800
0x0000000ba68fedb8:   0000000000000000 0000019f45cab800
0x0000000ba68fedc8:   0000000ba68ff568 0000000ba68ff568
0x0000000ba68fedd8:   0000000000000000 00007ffe510fbeb0
0x0000000ba68fede8:   00007ffea337411f 0000019f45cab800
0x0000000ba68fedf8:   0000000ba68feed8 0000000ba68feed0
0x0000000ba68fee08:   00007ffe50a6bcd7 0000000ba68feed8
0x0000000ba68fee18:   0000000ba68ff568 0000000000000000
0x0000000ba68fee28:   0000000ba68feed0 0000000000000000
0x0000000ba68fee38:   00007ffea33738d0 0000000000000000
0x0000000ba68fee48:   0000019f45cabb48 0000000000000000
0x0000000ba68fee58:   0000000000000000 0000000ba68ff600
0x0000000ba68fee68:   0000019f45cabb48 0000000ba68ff560 

Instructions: (pc=0x00007ffe507bff90)
0x00007ffe507bfe90:   64 7b 93 00 48 83 c4 20 5b 48 ff e0 48 8d 05 1d
0x00007ffe507bfea0:   01 00 00 48 8b cb 48 89 05 4b 7b 93 00 48 83 c4
0x00007ffe507bfeb0:   20 5b 48 ff e0 48 8d 05 04 01 00 00 48 8b cb 48
0x00007ffe507bfec0:   89 05 32 7b 93 00 48 83 c4 20 5b 48 ff e0 48 8b
0x00007ffe507bfed0:   0d 6b 9f 99 00 8b 51 10 83 ea 01 0f 84 91 00 00
0x00007ffe507bfee0:   00 83 ea 01 74 73 83 ea 01 74 55 83 fa 01 74 37
0x00007ffe507bfef0:   4c 8d 0d 51 99 76 00 41 b8 e8 00 00 00 48 8d 15
0x00007ffe507bff00:   7c 99 76 00 b9 00 00 00 e0 e8 02 fc 13 00 e8 ad
0x00007ffe507bff10:   af 50 00 33 c0 48 8b cb 48 89 05 d9 7a 93 00 48
0x00007ffe507bff20:   83 c4 20 5b 48 ff e0 48 8d 05 72 00 00 00 48 8b
0x00007ffe507bff30:   cb 48 89 05 c0 7a 93 00 48 83 c4 20 5b 48 ff e0
0x00007ffe507bff40:   48 8d 05 49 00 00 00 48 8b cb 48 89 05 a7 7a 93
0x00007ffe507bff50:   00 48 83 c4 20 5b 48 ff e0 48 8d 05 30 00 00 00
0x00007ffe507bff60:   48 8b cb 48 89 05 8e 7a 93 00 48 83 c4 20 5b 48
0x00007ffe507bff70:   ff e0 48 8d 05 17 00 00 00 48 8b cb 48 89 05 75
0x00007ffe507bff80:   7a 93 00 48 83 c4 20 5b 48 ff e0 cc cc cc cc cc
0x00007ffe507bff90:   48 8b 01 c3 cc cc cc cc cc cc cc cc cc cc cc cc
0x00007ffe507bffa0:   48 8b 01 48 85 c0 74 0f 48 8b 0d 91 9e 99 00 48
0x00007ffe507bffb0:   8b d0 e9 09 b1 59 00 c3 cc cc cc cc cc cc cc cc
0x00007ffe507bffc0:   8b 01 85 c0 75 03 33 c0 c3 8b 0d 79 78 95 00 48
0x00007ffe507bffd0:   d3 e0 48 03 05 67 78 95 00 c3 cc cc cc cc cc cc
0x00007ffe507bffe0:   8b 01 85 c0 75 03 33 c0 c3 8b 0d 59 78 95 00 48
0x00007ffe507bfff0:   d3 e0 48 03 05 47 78 95 00 74 0f 48 8b 0d 3e 9e
0x00007ffe507c0000:   99 00 48 8b d0 e9 b6 b0 59 00 c3 cc cc cc cc cc
0x00007ffe507c0010:   48 89 5c 24 10 56 48 83 ec 20 48 8b d9 48 8b 49
0x00007ffe507c0020:   10 e8 ba e8 07 00 48 8b 4b 10 48 8b f0 e8 ae 71
0x00007ffe507c0030:   0c 00 48 3b f0 73 45 48 89 7c 24 30 0f 1f 40 00
0x00007ffe507c0040:   48 8b 4b 10 48 8b d6 e8 74 4e 1b 00 48 8b c8 48
0x00007ffe507c0050:   8b 78 08 e8 78 4d 1b 00 4c 8b c0 48 8b d7 48 8b
0x00007ffe507c0060:   cb e8 7a f9 ff ff 48 8b 4b 10 48 ff c6 e8 6e 71
0x00007ffe507c0070:   0c 00 48 3b f0 72 c9 48 8b 7c 24 30 48 8b cb 48
0x00007ffe507c0080:   8b 5c 24 38 48 83 c4 20 5e e9 02 00 00 00 cc cc 


Stack slot to memory mapping:
stack at sp + 0 slots: 0x00007ffe50a7daea jvm.dll
stack at sp + 1 slots: 0x0000019f45cab800 is a thread
stack at sp + 2 slots: 0x0000019f4b6d2548 is pointing into metadata
stack at sp + 3 slots: 0x0000019f45cab800 is a thread
stack at sp + 4 slots: 0x0000019f45cab800 is a thread
stack at sp + 5 slots: 0x0000019f45cab800 is a thread
stack at sp + 6 slots: 0x0 is NULL
stack at sp + 7 slots: 0x0000019f45cab800 is a thread


---------------  P R O C E S S  ---------------

Threads class SMR info:
_java_thread_list=0x0000019f49711200, length=20, elements={
0x0000019f17a7b000, 0x0000019f3da78000, 0x0000019f3da7a800, 0x0000019f3e386800,
0x0000019f3e38c000, 0x0000019f3e38d000, 0x0000019f3e38e800, 0x0000019f3e397800,
0x0000019f3e3a0000, 0x0000019f3da25000, 0x0000019f3e982800, 0x0000019f3ee24000,
0x0000019f3ee7a000, 0x0000019f3ecbf000, 0x0000019f3f4e5000, 0x0000019f3f4b8000,
0x0000019f3fb3d000, 0x0000019f40095800, 0x0000019f45cab800, 0x0000019f45cac800
}

Java Threads: ( => current thread )
  0x0000019f17a7b000 JavaThread "main" [_thread_blocked, id=55668, stack(0x0000000ba5000000,0x0000000ba5100000)]
  0x0000019f3da78000 JavaThread "Reference Handler" daemon [_thread_blocked, id=53972, stack(0x0000000ba5700000,0x0000000ba5800000)]
  0x0000019f3da7a800 JavaThread "Finalizer" daemon [_thread_blocked, id=48056, stack(0x0000000ba5800000,0x0000000ba5900000)]
  0x0000019f3e386800 JavaThread "Signal Dispatcher" daemon [_thread_blocked, id=37764, stack(0x0000000ba5900000,0x0000000ba5a00000)]
  0x0000019f3e38c000 JavaThread "Attach Listener" daemon [_thread_blocked, id=52716, stack(0x0000000ba5a00000,0x0000000ba5b00000)]
  0x0000019f3e38d000 JavaThread "Service Thread" daemon [_thread_blocked, id=46248, stack(0x0000000ba5b00000,0x0000000ba5c00000)]
  0x0000019f3e38e800 JavaThread "C2 CompilerThread0" daemon [_thread_blocked, id=34964, stack(0x0000000ba5c00000,0x0000000ba5d00000)]
  0x0000019f3e397800 JavaThread "C1 CompilerThread0" daemon [_thread_blocked, id=56552, stack(0x0000000ba5d00000,0x0000000ba5e00000)]
  0x0000019f3e3a0000 JavaThread "Sweeper thread" daemon [_thread_blocked, id=56120, stack(0x0000000ba5e00000,0x0000000ba5f00000)]
  0x0000019f3da25000 JavaThread "Common-Cleaner" daemon [_thread_blocked, id=49268, stack(0x0000000ba5f00000,0x0000000ba6000000)]
  0x0000019f3e982800 JavaThread "Monitor Ctrl-Break" daemon [_thread_in_native, id=47696, stack(0x0000000ba6200000,0x0000000ba6300000)]
  0x0000019f3ee24000 JavaThread "QuantumRenderer-0" daemon [_thread_blocked, id=48836, stack(0x0000000ba6400000,0x0000000ba6500000)]
  0x0000019f3ee7a000 JavaThread "InvokeLaterDispatcher" daemon [_thread_blocked, id=33028, stack(0x0000000ba6500000,0x0000000ba6600000)]
  0x0000019f3ecbf000 JavaThread "JavaFX Application Thread" [_thread_in_native, id=47904, stack(0x0000000ba6600000,0x0000000ba6700000)]
  0x0000019f3f4e5000 JavaThread "Thread-1" daemon [_thread_in_native, id=53332, stack(0x0000000ba6a00000,0x0000000ba6b00000)]
  0x0000019f3f4b8000 JavaThread "JavaFX-Launcher" [_thread_blocked, id=54360, stack(0x0000000ba6b00000,0x0000000ba6c00000)]
  0x0000019f3fb3d000 JavaThread "Prism Font Disposer" daemon [_thread_blocked, id=46192, stack(0x0000000ba7100000,0x0000000ba7200000)]
  0x0000019f40095800 JavaThread "Cleaner-0" daemon [_thread_blocked, id=49664, stack(0x0000000ba7700000,0x0000000ba7800000)]
=>0x0000019f45cab800 JavaThread "Thread-4" [_thread_in_vm, id=52612, stack(0x0000000ba6800000,0x0000000ba6900000)]
  0x0000019f45cac800 JavaThread "Thread-5" [_thread_in_native, id=55576, stack(0x0000000ba7300000,0x0000000ba7400000)]

Other Threads:
  0x0000019f3da65800 VMThread "VM Thread" [stack: 0x0000000ba5600000,0x0000000ba5700000] [id=57272]
  0x0000019f3e8a9800 WatcherThread [stack: 0x0000000ba6300000,0x0000000ba6400000] [id=44816]
  0x0000019f17a92800 GCTaskThread "GC Thread#0" [stack: 0x0000000ba5100000,0x0000000ba5200000] [id=55620]
  0x0000019f3f4e4000 GCTaskThread "GC Thread#1" [stack: 0x0000000ba6c00000,0x0000000ba6d00000] [id=55084]
  0x0000019f3f4f2800 GCTaskThread "GC Thread#2" [stack: 0x0000000ba6d00000,0x0000000ba6e00000] [id=31156]
  0x0000019f3f4cb000 GCTaskThread "GC Thread#3" [stack: 0x0000000ba6e00000,0x0000000ba6f00000] [id=53864]
  0x0000019f3f4ff000 GCTaskThread "GC Thread#4" [stack: 0x0000000ba6f00000,0x0000000ba7000000] [id=52808]
  0x0000019f3f570800 GCTaskThread "GC Thread#5" [stack: 0x0000000ba7000000,0x0000000ba7100000] [id=54088]
  0x0000019f3fa61800 GCTaskThread "GC Thread#6" [stack: 0x0000000ba4e00000,0x0000000ba4f00000] [id=18932]
  0x0000019f3fa62000 GCTaskThread "GC Thread#7" [stack: 0x0000000ba6900000,0x0000000ba6a00000] [id=46688]
  0x0000019f17aef800 ConcurrentGCThread "G1 Main Marker" [stack: 0x0000000ba5200000,0x0000000ba5300000] [id=52876]
  0x0000019f17af1800 ConcurrentGCThread "G1 Conc#0" [stack: 0x0000000ba5300000,0x0000000ba5400000] [id=43332]
  0x0000019f3ff30800 ConcurrentGCThread "G1 Conc#1" [stack: 0x0000000ba6000000,0x0000000ba6100000] [id=52852]
  0x0000019f3fcf9800 ConcurrentGCThread "G1 Conc#2" [stack: 0x0000000ba6100000,0x0000000ba6200000] [id=53196]
  0x0000019f3d94e000 ConcurrentGCThread "G1 Refine#0" [stack: 0x0000000ba5400000,0x0000000ba5500000] [id=48348]
  0x0000019f49533000 ConcurrentGCThread "G1 Refine#1" [stack: 0x0000000ba4d00000,0x0000000ba4e00000] [id=50584]
  0x0000019f3d951000 ConcurrentGCThread "G1 Young RemSet Sampling" [stack: 0x0000000ba5500000,0x0000000ba5600000] [id=52800]

Threads with active compile tasks:

VM state:not at safepoint (normal execution)

VM Mutex/Monitor currently owned by a thread: None

Heap address: 0x0000000702e00000, size: 4050 MB, Compressed Oops mode: Zero based, Oop shift amount: 3
Narrow klass base: 0x0000000800000000, Narrow klass shift: 0
Compressed class space size: 1073741824 Address: 0x0000000800000000

Heap:
 garbage-first heap   total 260096K, used 138488K [0x0000000702e00000, 0x0000000800000000)
  region size 1024K, 89 young (91136K), 3 survivors (3072K)
 Metaspace       used 31523K, capacity 32911K, committed 33072K, reserved 1077248K
  class space    used 3856K, capacity 4405K, committed 4480K, reserved 1048576K
Heap Regions: E=young(eden), S=young(survivor), O=old, HS=humongous(starts), HC=humongous(continues), CS=collection set, F=free, A=archive, TAMS=top-at-mark-start (previous, next)
|   0|0x0000000702e00000, 0x0000000702f00000, 0x0000000702f00000|100%| O|  |TAMS 0x0000000702e16200, 0x0000000702e00000| Untracked 
|   1|0x0000000702f00000, 0x0000000703000000, 0x0000000703000000|100%| O|  |TAMS 0x0000000702f00000, 0x0000000702f00000| Untracked 
|   2|0x0000000703000000, 0x0000000703100000, 0x0000000703100000|100%| O|  |TAMS 0x0000000703000000, 0x0000000703000000| Untracked 
|   3|0x0000000703100000, 0x0000000703200000, 0x0000000703200000|100%|HS|  |TAMS 0x0000000703100000, 0x0000000703100000| Complete 
|   4|0x0000000703200000, 0x0000000703300000, 0x0000000703300000|100%|HC|  |TAMS 0x0000000703200000, 0x0000000703200000| Complete 
|   5|0x0000000703300000, 0x0000000703400000, 0x0000000703400000|100%| O|  |TAMS 0x0000000703300000, 0x0000000703300000| Untracked 
|   6|0x0000000703400000, 0x0000000703500000, 0x0000000703500000|100%| O|  |TAMS 0x0000000703400000, 0x0000000703400000| Untracked 
|   7|0x0000000703500000, 0x0000000703600000, 0x0000000703600000|100%| O|  |TAMS 0x0000000703500000, 0x0000000703500000| Untracked 
|   8|0x0000000703600000, 0x0000000703700000, 0x0000000703700000|100%| O|  |TAMS 0x0000000703600000, 0x0000000703600000| Untracked 
|   9|0x0000000703700000, 0x0000000703800000, 0x0000000703800000|100%| O|  |TAMS 0x0000000703700000, 0x0000000703700000| Untracked 
|  10|0x0000000703800000, 0x0000000703900000, 0x0000000703900000|100%| O|  |TAMS 0x0000000703800000, 0x0000000703800000| Untracked 
|  11|0x0000000703900000, 0x0000000703a00000, 0x0000000703a00000|100%| O|  |TAMS 0x0000000703900000, 0x0000000703900000| Untracked 
|  12|0x0000000703a00000, 0x0000000703b00000, 0x0000000703b00000|100%| O|  |TAMS 0x0000000703a00000, 0x0000000703a00000| Untracked 
|  13|0x0000000703b00000, 0x0000000703c00000, 0x0000000703c00000|100%| O|  |TAMS 0x0000000703b00000, 0x0000000703b00000| Untracked 
|  14|0x0000000703c00000, 0x0000000703d00000, 0x0000000703d00000|100%| O|  |TAMS 0x0000000703c00000, 0x0000000703c00000| Untracked 
|  15|0x0000000703d00000, 0x0000000703d78c00, 0x0000000703e00000| 47%| O|  |TAMS 0x0000000703d00000, 0x0000000703d00000| Untracked 
|  16|0x0000000703e00000, 0x0000000703f00000, 0x0000000703f00000|100%|HS|  |TAMS 0x0000000703e00000, 0x0000000703e00000| Complete 
|  17|0x0000000703f00000, 0x0000000704000000, 0x0000000704000000|100%|HS|  |TAMS 0x0000000703f00000, 0x0000000703f00000| Complete 
|  18|0x0000000704000000, 0x0000000704100000, 0x0000000704100000|100%|HS|  |TAMS 0x0000000704000000, 0x0000000704000000| Complete 
|  19|0x0000000704100000, 0x0000000704200000, 0x0000000704200000|100%|HS|  |TAMS 0x0000000704100000, 0x0000000704100000| Complete 
|  20|0x0000000704200000, 0x0000000704300000, 0x0000000704300000|100%|HS|  |TAMS 0x0000000704200000, 0x0000000704200000| Complete 
|  21|0x0000000704300000, 0x0000000704400000, 0x0000000704400000|100%|HS|  |TAMS 0x0000000704300000, 0x0000000704300000| Complete 
|  22|0x0000000704400000, 0x0000000704500000, 0x0000000704500000|100%|HS|  |TAMS 0x0000000704400000, 0x0000000704400000| Complete 
|  23|0x0000000704500000, 0x0000000704600000, 0x0000000704600000|100%|HS|  |TAMS 0x0000000704500000, 0x0000000704500000| Complete 
|  24|0x0000000704600000, 0x0000000704700000, 0x0000000704700000|100%|HS|  |TAMS 0x0000000704600000, 0x0000000704600000| Complete 
|  25|0x0000000704700000, 0x0000000704800000, 0x0000000704800000|100%|HS|  |TAMS 0x0000000704700000, 0x0000000704700000| Complete 
|  26|0x0000000704800000, 0x0000000704900000, 0x0000000704900000|100%|HS|  |TAMS 0x0000000704800000, 0x0000000704800000| Complete 
|  27|0x0000000704900000, 0x0000000704a00000, 0x0000000704a00000|100%|HS|  |TAMS 0x0000000704900000, 0x0000000704900000| Complete 
|  28|0x0000000704a00000, 0x0000000704b00000, 0x0000000704b00000|100%|HS|  |TAMS 0x0000000704a00000, 0x0000000704a00000| Complete 
|  29|0x0000000704b00000, 0x0000000704c00000, 0x0000000704c00000|100%|HS|  |TAMS 0x0000000704b00000, 0x0000000704b00000| Complete 
|  30|0x0000000704c00000, 0x0000000704d00000, 0x0000000704d00000|100%|HS|  |TAMS 0x0000000704c00000, 0x0000000704c00000| Complete 
|  31|0x0000000704d00000, 0x0000000704e00000, 0x0000000704e00000|100%|HS|  |TAMS 0x0000000704d00000, 0x0000000704d00000| Complete 
|  32|0x0000000704e00000, 0x0000000704f00000, 0x0000000704f00000|100%|HS|  |TAMS 0x0000000704e00000, 0x0000000704e00000| Complete 
|  33|0x0000000704f00000, 0x0000000705000000, 0x0000000705000000|100%|HS|  |TAMS 0x0000000704f00000, 0x0000000704f00000| Complete 
|  34|0x0000000705000000, 0x0000000705100000, 0x0000000705100000|100%|HS|  |TAMS 0x0000000705000000, 0x0000000705000000| Complete 
|  35|0x0000000705100000, 0x0000000705200000, 0x0000000705200000|100%|HS|  |TAMS 0x0000000705100000, 0x0000000705100000| Complete 
|  36|0x0000000705200000, 0x0000000705300000, 0x0000000705300000|100%|HS|  |TAMS 0x0000000705200000, 0x0000000705200000| Complete 
|  37|0x0000000705300000, 0x0000000705400000, 0x0000000705400000|100%|HS|  |TAMS 0x0000000705300000, 0x0000000705300000| Complete 
|  38|0x0000000705400000, 0x0000000705500000, 0x0000000705500000|100%|HS|  |TAMS 0x0000000705400000, 0x0000000705400000| Complete 
|  39|0x0000000705500000, 0x0000000705600000, 0x0000000705600000|100%|HS|  |TAMS 0x0000000705500000, 0x0000000705500000| Complete 
|  40|0x0000000705600000, 0x0000000705700000, 0x0000000705700000|100%|HS|  |TAMS 0x0000000705600000, 0x0000000705600000| Complete 
|  41|0x0000000705700000, 0x0000000705800000, 0x0000000705800000|100%|HS|  |TAMS 0x0000000705700000, 0x0000000705700000| Complete 
|  42|0x0000000705800000, 0x0000000705900000, 0x0000000705900000|100%|HS|  |TAMS 0x0000000705800000, 0x0000000705800000| Complete 
|  43|0x0000000705900000, 0x0000000705a00000, 0x0000000705a00000|100%|HS|  |TAMS 0x0000000705900000, 0x0000000705900000| Complete 
|  44|0x0000000705a00000, 0x0000000705b00000, 0x0000000705b00000|100%|HS|  |TAMS 0x0000000705a00000, 0x0000000705a00000| Complete 
|  45|0x0000000705b00000, 0x0000000705c00000, 0x0000000705c00000|100%|HS|  |TAMS 0x0000000705b00000, 0x0000000705b00000| Complete 
|  46|0x0000000705c00000, 0x0000000705d00000, 0x0000000705d00000|100%|HS|  |TAMS 0x0000000705c00000, 0x0000000705c00000| Complete 
|  47|0x0000000705d00000, 0x0000000705e00000, 0x0000000705e00000|100%|HS|  |TAMS 0x0000000705d00000, 0x0000000705d00000| Complete 
|  48|0x0000000705e00000, 0x0000000705e00000, 0x0000000705f00000|  0%| F|  |TAMS 0x0000000705e00000, 0x0000000705e00000| Untracked 
|  49|0x0000000705f00000, 0x0000000705f00000, 0x0000000706000000|  0%| F|  |TAMS 0x0000000705f00000, 0x0000000705f00000| Untracked 
|  50|0x0000000706000000, 0x0000000706000000, 0x0000000706100000|  0%| F|  |TAMS 0x0000000706000000, 0x0000000706000000| Untracked 
|  51|0x0000000706100000, 0x0000000706100000, 0x0000000706200000|  0%| F|  |TAMS 0x0000000706100000, 0x0000000706100000| Untracked 
|  52|0x0000000706200000, 0x0000000706200000, 0x0000000706300000|  0%| F|  |TAMS 0x0000000706200000, 0x0000000706200000| Untracked 
|  53|0x0000000706300000, 0x0000000706300000, 0x0000000706400000|  0%| F|  |TAMS 0x0000000706300000, 0x0000000706300000| Untracked 
|  54|0x0000000706400000, 0x0000000706400000, 0x0000000706500000|  0%| F|  |TAMS 0x0000000706400000, 0x0000000706400000| Untracked 
|  55|0x0000000706500000, 0x0000000706500000, 0x0000000706600000|  0%| F|  |TAMS 0x0000000706500000, 0x0000000706500000| Untracked 
|  56|0x0000000706600000, 0x0000000706600000, 0x0000000706700000|  0%| F|  |TAMS 0x0000000706600000, 0x0000000706600000| Untracked 
|  57|0x0000000706700000, 0x0000000706700000, 0x0000000706800000|  0%| F|  |TAMS 0x0000000706700000, 0x0000000706700000| Untracked 
|  58|0x0000000706800000, 0x0000000706800000, 0x0000000706900000|  0%| F|  |TAMS 0x0000000706800000, 0x0000000706800000| Untracked 
|  59|0x0000000706900000, 0x0000000706900000, 0x0000000706a00000|  0%| F|  |TAMS 0x0000000706900000, 0x0000000706900000| Untracked 
|  60|0x0000000706a00000, 0x0000000706a00000, 0x0000000706b00000|  0%| F|  |TAMS 0x0000000706a00000, 0x0000000706a00000| Untracked 
|  61|0x0000000706b00000, 0x0000000706b00000, 0x0000000706c00000|  0%| F|  |TAMS 0x0000000706b00000, 0x0000000706b00000| Untracked 
|  62|0x0000000706c00000, 0x0000000706c00000, 0x0000000706d00000|  0%| F|  |TAMS 0x0000000706c00000, 0x0000000706c00000| Untracked 
|  63|0x0000000706d00000, 0x0000000706d00000, 0x0000000706e00000|  0%| F|  |TAMS 0x0000000706d00000, 0x0000000706d00000| Untracked 
|  64|0x0000000706e00000, 0x0000000706e00000, 0x0000000706f00000|  0%| F|  |TAMS 0x0000000706e00000, 0x0000000706e00000| Untracked 
|  65|0x0000000706f00000, 0x0000000706f00000, 0x0000000707000000|  0%| F|  |TAMS 0x0000000706f00000, 0x0000000706f00000| Untracked 
|  66|0x0000000707000000, 0x0000000707000000, 0x0000000707100000|  0%| F|  |TAMS 0x0000000707000000, 0x0000000707000000| Untracked 
|  67|0x0000000707100000, 0x0000000707100000, 0x0000000707200000|  0%| F|  |TAMS 0x0000000707100000, 0x0000000707100000| Untracked 
|  68|0x0000000707200000, 0x0000000707200000, 0x0000000707300000|  0%| F|  |TAMS 0x0000000707200000, 0x0000000707200000| Untracked 
|  69|0x0000000707300000, 0x0000000707300000, 0x0000000707400000|  0%| F|  |TAMS 0x0000000707300000, 0x0000000707300000| Untracked 
|  70|0x0000000707400000, 0x0000000707400000, 0x0000000707500000|  0%| F|  |TAMS 0x0000000707400000, 0x0000000707400000| Untracked 
|  71|0x0000000707500000, 0x0000000707500000, 0x0000000707600000|  0%| F|  |TAMS 0x0000000707500000, 0x0000000707500000| Untracked 
|  72|0x0000000707600000, 0x0000000707600000, 0x0000000707700000|  0%| F|  |TAMS 0x0000000707600000, 0x0000000707600000| Untracked 
|  73|0x0000000707700000, 0x0000000707700000, 0x0000000707800000|  0%| F|  |TAMS 0x0000000707700000, 0x0000000707700000| Untracked 
|  74|0x0000000707800000, 0x0000000707800000, 0x0000000707900000|  0%| F|  |TAMS 0x0000000707800000, 0x0000000707800000| Untracked 
|  75|0x0000000707900000, 0x0000000707900000, 0x0000000707a00000|  0%| F|  |TAMS 0x0000000707900000, 0x0000000707900000| Untracked 
|  76|0x0000000707a00000, 0x0000000707a00000, 0x0000000707b00000|  0%| F|  |TAMS 0x0000000707a00000, 0x0000000707a00000| Untracked 
|  77|0x0000000707b00000, 0x0000000707b00000, 0x0000000707c00000|  0%| F|  |TAMS 0x0000000707b00000, 0x0000000707b00000| Untracked 
|  78|0x0000000707c00000, 0x0000000707c00000, 0x0000000707d00000|  0%| F|  |TAMS 0x0000000707c00000, 0x0000000707c00000| Untracked 
|  79|0x0000000707d00000, 0x0000000707d00000, 0x0000000707e00000|  0%| F|  |TAMS 0x0000000707d00000, 0x0000000707d00000| Untracked 
|  80|0x0000000707e00000, 0x0000000707e00000, 0x0000000707f00000|  0%| F|  |TAMS 0x0000000707e00000, 0x0000000707e00000| Untracked 
|  81|0x0000000707f00000, 0x0000000707f00000, 0x0000000708000000|  0%| F|  |TAMS 0x0000000707f00000, 0x0000000707f00000| Untracked 
|  82|0x0000000708000000, 0x0000000708000000, 0x0000000708100000|  0%| F|  |TAMS 0x0000000708000000, 0x0000000708000000| Untracked 
|  83|0x0000000708100000, 0x0000000708100000, 0x0000000708200000|  0%| F|  |TAMS 0x0000000708100000, 0x0000000708100000| Untracked 
|  84|0x0000000708200000, 0x0000000708200000, 0x0000000708300000|  0%| F|  |TAMS 0x0000000708200000, 0x0000000708200000| Untracked 
|  85|0x0000000708300000, 0x0000000708300000, 0x0000000708400000|  0%| F|  |TAMS 0x0000000708300000, 0x0000000708300000| Untracked 
|  86|0x0000000708400000, 0x0000000708400000, 0x0000000708500000|  0%| F|  |TAMS 0x0000000708400000, 0x0000000708400000| Untracked 
|  87|0x0000000708500000, 0x0000000708500000, 0x0000000708600000|  0%| F|  |TAMS 0x0000000708500000, 0x0000000708500000| Untracked 
|  88|0x0000000708600000, 0x0000000708600000, 0x0000000708700000|  0%| F|  |TAMS 0x0000000708600000, 0x0000000708600000| Untracked 
|  89|0x0000000708700000, 0x0000000708700000, 0x0000000708800000|  0%| F|  |TAMS 0x0000000708700000, 0x0000000708700000| Untracked 
|  90|0x0000000708800000, 0x0000000708800000, 0x0000000708900000|  0%| F|  |TAMS 0x0000000708800000, 0x0000000708800000| Untracked 
|  91|0x0000000708900000, 0x0000000708900000, 0x0000000708a00000|  0%| F|  |TAMS 0x0000000708900000, 0x0000000708900000| Untracked 
|  92|0x0000000708a00000, 0x0000000708a00000, 0x0000000708b00000|  0%| F|  |TAMS 0x0000000708a00000, 0x0000000708a00000| Untracked 
|  93|0x0000000708b00000, 0x0000000708b00000, 0x0000000708c00000|  0%| F|  |TAMS 0x0000000708b00000, 0x0000000708b00000| Untracked 
|  94|0x0000000708c00000, 0x0000000708c00000, 0x0000000708d00000|  0%| F|  |TAMS 0x0000000708c00000, 0x0000000708c00000| Untracked 
|  95|0x0000000708d00000, 0x0000000708d00000, 0x0000000708e00000|  0%| F|  |TAMS 0x0000000708d00000, 0x0000000708d00000| Untracked 
|  96|0x0000000708e00000, 0x0000000708e00000, 0x0000000708f00000|  0%| F|  |TAMS 0x0000000708e00000, 0x0000000708e00000| Untracked 
|  97|0x0000000708f00000, 0x0000000708f00000, 0x0000000709000000|  0%| F|  |TAMS 0x0000000708f00000, 0x0000000708f00000| Untracked 
|  98|0x0000000709000000, 0x0000000709000000, 0x0000000709100000|  0%| F|  |TAMS 0x0000000709000000, 0x0000000709000000| Untracked 
|  99|0x0000000709100000, 0x0000000709100000, 0x0000000709200000|  0%| F|  |TAMS 0x0000000709100000, 0x0000000709100000| Untracked 
| 100|0x0000000709200000, 0x0000000709200000, 0x0000000709300000|  0%| F|  |TAMS 0x0000000709200000, 0x0000000709200000| Untracked 
| 101|0x0000000709300000, 0x0000000709300000, 0x0000000709400000|  0%| F|  |TAMS 0x0000000709300000, 0x0000000709300000| Untracked 
| 102|0x0000000709400000, 0x0000000709400000, 0x0000000709500000|  0%| F|  |TAMS 0x0000000709400000, 0x0000000709400000| Untracked 
| 103|0x0000000709500000, 0x0000000709500000, 0x0000000709600000|  0%| F|  |TAMS 0x0000000709500000, 0x0000000709500000| Untracked 
| 104|0x0000000709600000, 0x0000000709600000, 0x0000000709700000|  0%| F|  |TAMS 0x0000000709600000, 0x0000000709600000| Untracked 
| 105|0x0000000709700000, 0x0000000709700000, 0x0000000709800000|  0%| F|  |TAMS 0x0000000709700000, 0x0000000709700000| Untracked 
| 106|0x0000000709800000, 0x0000000709800000, 0x0000000709900000|  0%| F|  |TAMS 0x0000000709800000, 0x0000000709800000| Untracked 
| 107|0x0000000709900000, 0x0000000709900000, 0x0000000709a00000|  0%| F|  |TAMS 0x0000000709900000, 0x0000000709900000| Untracked 
| 108|0x0000000709a00000, 0x0000000709a00000, 0x0000000709b00000|  0%| F|  |TAMS 0x0000000709a00000, 0x0000000709a00000| Untracked 
| 109|0x0000000709b00000, 0x0000000709b00000, 0x0000000709c00000|  0%| F|  |TAMS 0x0000000709b00000, 0x0000000709b00000| Untracked 
| 110|0x0000000709c00000, 0x0000000709c00000, 0x0000000709d00000|  0%| F|  |TAMS 0x0000000709c00000, 0x0000000709c00000| Untracked 
| 111|0x0000000709d00000, 0x0000000709d00000, 0x0000000709e00000|  0%| F|  |TAMS 0x0000000709d00000, 0x0000000709d00000| Untracked 
| 112|0x0000000709e00000, 0x0000000709e00000, 0x0000000709f00000|  0%| F|  |TAMS 0x0000000709e00000, 0x0000000709e00000| Untracked 
| 113|0x0000000709f00000, 0x0000000709f00000, 0x000000070a000000|  0%| F|  |TAMS 0x0000000709f00000, 0x0000000709f00000| Untracked 
| 114|0x000000070a000000, 0x000000070a000000, 0x000000070a100000|  0%| F|  |TAMS 0x000000070a000000, 0x000000070a000000| Untracked 
| 115|0x000000070a100000, 0x000000070a100000, 0x000000070a200000|  0%| F|  |TAMS 0x000000070a100000, 0x000000070a100000| Untracked 
| 116|0x000000070a200000, 0x000000070a200000, 0x000000070a300000|  0%| F|  |TAMS 0x000000070a200000, 0x000000070a200000| Untracked 
| 117|0x000000070a300000, 0x000000070a300000, 0x000000070a400000|  0%| F|  |TAMS 0x000000070a300000, 0x000000070a300000| Untracked 
| 118|0x000000070a400000, 0x000000070a400000, 0x000000070a500000|  0%| F|  |TAMS 0x000000070a400000, 0x000000070a400000| Untracked 
| 119|0x000000070a500000, 0x000000070a500000, 0x000000070a600000|  0%| F|  |TAMS 0x000000070a500000, 0x000000070a500000| Untracked 
| 120|0x000000070a600000, 0x000000070a600000, 0x000000070a700000|  0%| F|  |TAMS 0x000000070a600000, 0x000000070a600000| Untracked 
| 121|0x000000070a700000, 0x000000070a700000, 0x000000070a800000|  0%| F|  |TAMS 0x000000070a700000, 0x000000070a700000| Untracked 
| 122|0x000000070a800000, 0x000000070a8c5558, 0x000000070a900000| 77%| S|CS|TAMS 0x000000070a800000, 0x000000070a800000| Complete 
| 123|0x000000070a900000, 0x000000070aa00000, 0x000000070aa00000|100%| S|CS|TAMS 0x000000070a900000, 0x000000070a900000| Complete 
| 124|0x000000070aa00000, 0x000000070ab00000, 0x000000070ab00000|100%| S|CS|TAMS 0x000000070aa00000, 0x000000070aa00000| Complete 
| 125|0x000000070ab00000, 0x000000070ab00000, 0x000000070ac00000|  0%| F|  |TAMS 0x000000070ab00000, 0x000000070ab00000| Untracked 
| 126|0x000000070ac00000, 0x000000070ac00000, 0x000000070ad00000|  0%| F|  |TAMS 0x000000070ac00000, 0x000000070ac00000| Untracked 
| 127|0x000000070ad00000, 0x000000070ad00000, 0x000000070ae00000|  0%| F|  |TAMS 0x000000070ad00000, 0x000000070ad00000| Untracked 
| 128|0x000000070ae00000, 0x000000070ae00000, 0x000000070af00000|  0%| F|  |TAMS 0x000000070ae00000, 0x000000070ae00000| Untracked 
| 129|0x000000070af00000, 0x000000070af00000, 0x000000070b000000|  0%| F|  |TAMS 0x000000070af00000, 0x000000070af00000| Untracked 
| 130|0x000000070b000000, 0x000000070b000000, 0x000000070b100000|  0%| F|  |TAMS 0x000000070b000000, 0x000000070b000000| Untracked 
| 131|0x000000070b100000, 0x000000070b100000, 0x000000070b200000|  0%| F|  |TAMS 0x000000070b100000, 0x000000070b100000| Untracked 
| 132|0x000000070b200000, 0x000000070b200000, 0x000000070b300000|  0%| F|  |TAMS 0x000000070b200000, 0x000000070b200000| Untracked 
| 133|0x000000070b300000, 0x000000070b300000, 0x000000070b400000|  0%| F|  |TAMS 0x000000070b300000, 0x000000070b300000| Untracked 
| 134|0x000000070b400000, 0x000000070b400000, 0x000000070b500000|  0%| F|  |TAMS 0x000000070b400000, 0x000000070b400000| Untracked 
| 135|0x000000070b500000, 0x000000070b500000, 0x000000070b600000|  0%| F|  |TAMS 0x000000070b500000, 0x000000070b500000| Untracked 
| 136|0x000000070b600000, 0x000000070b600000, 0x000000070b700000|  0%| F|  |TAMS 0x000000070b600000, 0x000000070b600000| Untracked 
| 137|0x000000070b700000, 0x000000070b700000, 0x000000070b800000|  0%| F|  |TAMS 0x000000070b700000, 0x000000070b700000| Untracked 
| 138|0x000000070b800000, 0x000000070b800000, 0x000000070b900000|  0%| F|  |TAMS 0x000000070b800000, 0x000000070b800000| Untracked 
| 139|0x000000070b900000, 0x000000070b900000, 0x000000070ba00000|  0%| F|  |TAMS 0x000000070b900000, 0x000000070b900000| Untracked 
| 140|0x000000070ba00000, 0x000000070ba00000, 0x000000070bb00000|  0%| F|  |TAMS 0x000000070ba00000, 0x000000070ba00000| Untracked 
| 141|0x000000070bb00000, 0x000000070bb00000, 0x000000070bc00000|  0%| F|  |TAMS 0x000000070bb00000, 0x000000070bb00000| Untracked 
| 142|0x000000070bc00000, 0x000000070bc00000, 0x000000070bd00000|  0%| F|  |TAMS 0x000000070bc00000, 0x000000070bc00000| Untracked 
| 143|0x000000070bd00000, 0x000000070bd00000, 0x000000070be00000|  0%| F|  |TAMS 0x000000070bd00000, 0x000000070bd00000| Untracked 
| 144|0x000000070be00000, 0x000000070be00000, 0x000000070bf00000|  0%| F|  |TAMS 0x000000070be00000, 0x000000070be00000| Untracked 
| 145|0x000000070bf00000, 0x000000070bf00000, 0x000000070c000000|  0%| F|  |TAMS 0x000000070bf00000, 0x000000070bf00000| Untracked 
| 146|0x000000070c000000, 0x000000070c000000, 0x000000070c100000|  0%| F|  |TAMS 0x000000070c000000, 0x000000070c000000| Untracked 
| 147|0x000000070c100000, 0x000000070c100000, 0x000000070c200000|  0%| F|  |TAMS 0x000000070c100000, 0x000000070c100000| Untracked 
| 148|0x000000070c200000, 0x000000070c200000, 0x000000070c300000|  0%| F|  |TAMS 0x000000070c200000, 0x000000070c200000| Untracked 
| 149|0x000000070c300000, 0x000000070c300000, 0x000000070c400000|  0%| F|  |TAMS 0x000000070c300000, 0x000000070c300000| Untracked 
| 150|0x000000070c400000, 0x000000070c400000, 0x000000070c500000|  0%| F|  |TAMS 0x000000070c400000, 0x000000070c400000| Untracked 
| 151|0x000000070c500000, 0x000000070c500000, 0x000000070c600000|  0%| F|  |TAMS 0x000000070c500000, 0x000000070c500000| Untracked 
| 152|0x000000070c600000, 0x000000070c600000, 0x000000070c700000|  0%| F|  |TAMS 0x000000070c600000, 0x000000070c600000| Untracked 
| 153|0x000000070c700000, 0x000000070c700000, 0x000000070c800000|  0%| F|  |TAMS 0x000000070c700000, 0x000000070c700000| Untracked 
| 154|0x000000070c800000, 0x000000070c800000, 0x000000070c900000|  0%| F|  |TAMS 0x000000070c800000, 0x000000070c800000| Untracked 
| 155|0x000000070c900000, 0x000000070c900000, 0x000000070ca00000|  0%| F|  |TAMS 0x000000070c900000, 0x000000070c900000| Untracked 
| 156|0x000000070ca00000, 0x000000070ca00000, 0x000000070cb00000|  0%| F|  |TAMS 0x000000070ca00000, 0x000000070ca00000| Untracked 
| 157|0x000000070cb00000, 0x000000070cb00000, 0x000000070cc00000|  0%| F|  |TAMS 0x000000070cb00000, 0x000000070cb00000| Untracked 
| 158|0x000000070cc00000, 0x000000070cc00000, 0x000000070cd00000|  0%| F|  |TAMS 0x000000070cc00000, 0x000000070cc00000| Untracked 
| 159|0x000000070cd00000, 0x000000070cd00000, 0x000000070ce00000|  0%| F|  |TAMS 0x000000070cd00000, 0x000000070cd00000| Untracked 
| 160|0x000000070ce00000, 0x000000070ce00000, 0x000000070cf00000|  0%| F|  |TAMS 0x000000070ce00000, 0x000000070ce00000| Untracked 
| 161|0x000000070cf00000, 0x000000070cf00000, 0x000000070d000000|  0%| F|  |TAMS 0x000000070cf00000, 0x000000070cf00000| Untracked 
| 162|0x000000070d000000, 0x000000070d000000, 0x000000070d100000|  0%| F|  |TAMS 0x000000070d000000, 0x000000070d000000| Untracked 
| 163|0x000000070d100000, 0x000000070d100000, 0x000000070d200000|  0%| F|  |TAMS 0x000000070d100000, 0x000000070d100000| Untracked 
| 164|0x000000070d200000, 0x000000070d200000, 0x000000070d300000|  0%| F|  |TAMS 0x000000070d200000, 0x000000070d200000| Untracked 
| 165|0x000000070d300000, 0x000000070d300000, 0x000000070d400000|  0%| F|  |TAMS 0x000000070d300000, 0x000000070d300000| Untracked 
| 166|0x000000070d400000, 0x000000070d400000, 0x000000070d500000|  0%| F|  |TAMS 0x000000070d400000, 0x000000070d400000| Untracked 
| 167|0x000000070d500000, 0x000000070d500000, 0x000000070d600000|  0%| F|  |TAMS 0x000000070d500000, 0x000000070d500000| Untracked 
| 168|0x000000070d600000, 0x000000070d680800, 0x000000070d700000| 50%| E|  |TAMS 0x000000070d600000, 0x000000070d600000| Complete 
| 169|0x000000070d700000, 0x000000070d800000, 0x000000070d800000|100%| E|CS|TAMS 0x000000070d700000, 0x000000070d700000| Complete 
| 170|0x000000070d800000, 0x000000070d900000, 0x000000070d900000|100%| E|CS|TAMS 0x000000070d800000, 0x000000070d800000| Complete 
| 171|0x000000070d900000, 0x000000070da00000, 0x000000070da00000|100%| E|CS|TAMS 0x000000070d900000, 0x000000070d900000| Complete 
| 172|0x000000070da00000, 0x000000070db00000, 0x000000070db00000|100%| E|CS|TAMS 0x000000070da00000, 0x000000070da00000| Complete 
| 173|0x000000070db00000, 0x000000070dc00000, 0x000000070dc00000|100%| E|CS|TAMS 0x000000070db00000, 0x000000070db00000| Complete 
| 174|0x000000070dc00000, 0x000000070dd00000, 0x000000070dd00000|100%| E|CS|TAMS 0x000000070dc00000, 0x000000070dc00000| Complete 
| 175|0x000000070dd00000, 0x000000070de00000, 0x000000070de00000|100%| E|CS|TAMS 0x000000070dd00000, 0x000000070dd00000| Complete 
| 176|0x000000070de00000, 0x000000070df00000, 0x000000070df00000|100%| E|CS|TAMS 0x000000070de00000, 0x000000070de00000| Complete 
| 177|0x000000070df00000, 0x000000070e000000, 0x000000070e000000|100%| E|CS|TAMS 0x000000070df00000, 0x000000070df00000| Complete 
| 178|0x000000070e000000, 0x000000070e100000, 0x000000070e100000|100%| E|CS|TAMS 0x000000070e000000, 0x000000070e000000| Complete 
| 179|0x000000070e100000, 0x000000070e200000, 0x000000070e200000|100%| E|CS|TAMS 0x000000070e100000, 0x000000070e100000| Complete 
| 180|0x000000070e200000, 0x000000070e300000, 0x000000070e300000|100%| E|CS|TAMS 0x000000070e200000, 0x000000070e200000| Complete 
| 181|0x000000070e300000, 0x000000070e400000, 0x000000070e400000|100%| E|CS|TAMS 0x000000070e300000, 0x000000070e300000| Complete 
| 182|0x000000070e400000, 0x000000070e500000, 0x000000070e500000|100%| E|CS|TAMS 0x000000070e400000, 0x000000070e400000| Complete 
| 183|0x000000070e500000, 0x000000070e600000, 0x000000070e600000|100%| E|CS|TAMS 0x000000070e500000, 0x000000070e500000| Complete 
| 184|0x000000070e600000, 0x000000070e700000, 0x000000070e700000|100%| E|CS|TAMS 0x000000070e600000, 0x000000070e600000| Complete 
| 185|0x000000070e700000, 0x000000070e800000, 0x000000070e800000|100%| E|CS|TAMS 0x000000070e700000, 0x000000070e700000| Complete 
| 186|0x000000070e800000, 0x000000070e900000, 0x000000070e900000|100%| E|CS|TAMS 0x000000070e800000, 0x000000070e800000| Complete 
| 187|0x000000070e900000, 0x000000070ea00000, 0x000000070ea00000|100%| E|CS|TAMS 0x000000070e900000, 0x000000070e900000| Complete 
| 188|0x000000070ea00000, 0x000000070eb00000, 0x000000070eb00000|100%| E|CS|TAMS 0x000000070ea00000, 0x000000070ea00000| Complete 
| 189|0x000000070eb00000, 0x000000070ec00000, 0x000000070ec00000|100%| E|CS|TAMS 0x000000070eb00000, 0x000000070eb00000| Complete 
| 190|0x000000070ec00000, 0x000000070ed00000, 0x000000070ed00000|100%| E|CS|TAMS 0x000000070ec00000, 0x000000070ec00000| Complete 
| 191|0x000000070ed00000, 0x000000070ee00000, 0x000000070ee00000|100%| E|CS|TAMS 0x000000070ed00000, 0x000000070ed00000| Complete 
| 192|0x000000070ee00000, 0x000000070ef00000, 0x000000070ef00000|100%| E|CS|TAMS 0x000000070ee00000, 0x000000070ee00000| Complete 
| 193|0x000000070ef00000, 0x000000070f000000, 0x000000070f000000|100%| E|CS|TAMS 0x000000070ef00000, 0x000000070ef00000| Complete 
| 194|0x000000070f000000, 0x000000070f100000, 0x000000070f100000|100%| E|CS|TAMS 0x000000070f000000, 0x000000070f000000| Complete 
| 195|0x000000070f100000, 0x000000070f200000, 0x000000070f200000|100%| E|CS|TAMS 0x000000070f100000, 0x000000070f100000| Complete 
| 196|0x000000070f200000, 0x000000070f300000, 0x000000070f300000|100%| E|CS|TAMS 0x000000070f200000, 0x000000070f200000| Complete 
| 197|0x000000070f300000, 0x000000070f400000, 0x000000070f400000|100%| E|CS|TAMS 0x000000070f300000, 0x000000070f300000| Complete 
| 198|0x000000070f400000, 0x000000070f500000, 0x000000070f500000|100%| E|CS|TAMS 0x000000070f400000, 0x000000070f400000| Complete 
| 199|0x000000070f500000, 0x000000070f600000, 0x000000070f600000|100%| E|CS|TAMS 0x000000070f500000, 0x000000070f500000| Complete 
| 200|0x000000070f600000, 0x000000070f700000, 0x000000070f700000|100%| E|CS|TAMS 0x000000070f600000, 0x000000070f600000| Complete 
| 201|0x000000070f700000, 0x000000070f800000, 0x000000070f800000|100%| E|CS|TAMS 0x000000070f700000, 0x000000070f700000| Complete 
| 202|0x000000070f800000, 0x000000070f900000, 0x000000070f900000|100%| E|CS|TAMS 0x000000070f800000, 0x000000070f800000| Complete 
| 203|0x000000070f900000, 0x000000070fa00000, 0x000000070fa00000|100%| E|CS|TAMS 0x000000070f900000, 0x000000070f900000| Complete 
| 204|0x000000070fa00000, 0x000000070fb00000, 0x000000070fb00000|100%| E|CS|TAMS 0x000000070fa00000, 0x000000070fa00000| Complete 
| 205|0x000000070fb00000, 0x000000070fc00000, 0x000000070fc00000|100%| E|CS|TAMS 0x000000070fb00000, 0x000000070fb00000| Complete 
| 206|0x000000070fc00000, 0x000000070fd00000, 0x000000070fd00000|100%| E|CS|TAMS 0x000000070fc00000, 0x000000070fc00000| Complete 
| 207|0x000000070fd00000, 0x000000070fe00000, 0x000000070fe00000|100%| E|CS|TAMS 0x000000070fd00000, 0x000000070fd00000| Complete 
| 208|0x000000070fe00000, 0x000000070ff00000, 0x000000070ff00000|100%| E|CS|TAMS 0x000000070fe00000, 0x000000070fe00000| Complete 
| 209|0x000000070ff00000, 0x0000000710000000, 0x0000000710000000|100%| E|CS|TAMS 0x000000070ff00000, 0x000000070ff00000| Complete 
| 210|0x0000000710000000, 0x0000000710100000, 0x0000000710100000|100%| E|CS|TAMS 0x0000000710000000, 0x0000000710000000| Complete 
| 211|0x0000000710100000, 0x0000000710200000, 0x0000000710200000|100%| E|CS|TAMS 0x0000000710100000, 0x0000000710100000| Complete 
| 212|0x0000000710200000, 0x0000000710300000, 0x0000000710300000|100%| E|CS|TAMS 0x0000000710200000, 0x0000000710200000| Complete 
| 213|0x0000000710300000, 0x0000000710400000, 0x0000000710400000|100%| E|CS|TAMS 0x0000000710300000, 0x0000000710300000| Complete 
| 214|0x0000000710400000, 0x0000000710500000, 0x0000000710500000|100%| E|CS|TAMS 0x0000000710400000, 0x0000000710400000| Complete 
| 215|0x0000000710500000, 0x0000000710600000, 0x0000000710600000|100%| E|CS|TAMS 0x0000000710500000, 0x0000000710500000| Complete 
| 216|0x0000000710600000, 0x0000000710700000, 0x0000000710700000|100%| E|CS|TAMS 0x0000000710600000, 0x0000000710600000| Complete 
| 217|0x0000000710700000, 0x0000000710800000, 0x0000000710800000|100%| E|CS|TAMS 0x0000000710700000, 0x0000000710700000| Complete 
| 218|0x0000000710800000, 0x0000000710900000, 0x0000000710900000|100%| E|CS|TAMS 0x0000000710800000, 0x0000000710800000| Complete 
| 219|0x0000000710900000, 0x0000000710a00000, 0x0000000710a00000|100%| E|CS|TAMS 0x0000000710900000, 0x0000000710900000| Complete 
| 220|0x0000000710a00000, 0x0000000710b00000, 0x0000000710b00000|100%| E|CS|TAMS 0x0000000710a00000, 0x0000000710a00000| Complete 
| 221|0x0000000710b00000, 0x0000000710c00000, 0x0000000710c00000|100%| E|CS|TAMS 0x0000000710b00000, 0x0000000710b00000| Complete 
| 222|0x0000000710c00000, 0x0000000710d00000, 0x0000000710d00000|100%| E|CS|TAMS 0x0000000710c00000, 0x0000000710c00000| Complete 
| 223|0x0000000710d00000, 0x0000000710e00000, 0x0000000710e00000|100%| E|CS|TAMS 0x0000000710d00000, 0x0000000710d00000| Complete 
| 224|0x0000000710e00000, 0x0000000710f00000, 0x0000000710f00000|100%| E|CS|TAMS 0x0000000710e00000, 0x0000000710e00000| Complete 
| 225|0x0000000710f00000, 0x0000000711000000, 0x0000000711000000|100%| E|CS|TAMS 0x0000000710f00000, 0x0000000710f00000| Complete 
| 226|0x0000000711000000, 0x0000000711100000, 0x0000000711100000|100%| E|CS|TAMS 0x0000000711000000, 0x0000000711000000| Complete 
| 227|0x0000000711100000, 0x0000000711200000, 0x0000000711200000|100%| E|CS|TAMS 0x0000000711100000, 0x0000000711100000| Complete 
| 228|0x0000000711200000, 0x0000000711300000, 0x0000000711300000|100%| E|CS|TAMS 0x0000000711200000, 0x0000000711200000| Complete 
| 229|0x0000000711300000, 0x0000000711400000, 0x0000000711400000|100%| E|CS|TAMS 0x0000000711300000, 0x0000000711300000| Complete 
| 230|0x0000000711400000, 0x0000000711500000, 0x0000000711500000|100%| E|CS|TAMS 0x0000000711400000, 0x0000000711400000| Complete 
| 231|0x0000000711500000, 0x0000000711600000, 0x0000000711600000|100%| E|CS|TAMS 0x0000000711500000, 0x0000000711500000| Complete 
| 232|0x0000000711600000, 0x0000000711700000, 0x0000000711700000|100%| E|CS|TAMS 0x0000000711600000, 0x0000000711600000| Complete 
| 233|0x0000000711700000, 0x0000000711800000, 0x0000000711800000|100%| E|CS|TAMS 0x0000000711700000, 0x0000000711700000| Complete 
| 234|0x0000000711800000, 0x0000000711900000, 0x0000000711900000|100%| E|CS|TAMS 0x0000000711800000, 0x0000000711800000| Complete 
| 235|0x0000000711900000, 0x0000000711a00000, 0x0000000711a00000|100%| E|CS|TAMS 0x0000000711900000, 0x0000000711900000| Complete 
| 236|0x0000000711a00000, 0x0000000711b00000, 0x0000000711b00000|100%| E|CS|TAMS 0x0000000711a00000, 0x0000000711a00000| Complete 
| 237|0x0000000711b00000, 0x0000000711c00000, 0x0000000711c00000|100%| E|CS|TAMS 0x0000000711b00000, 0x0000000711b00000| Complete 
| 238|0x0000000711c00000, 0x0000000711d00000, 0x0000000711d00000|100%| E|CS|TAMS 0x0000000711c00000, 0x0000000711c00000| Complete 
| 239|0x0000000711d00000, 0x0000000711e00000, 0x0000000711e00000|100%| E|CS|TAMS 0x0000000711d00000, 0x0000000711d00000| Complete 
| 240|0x0000000711e00000, 0x0000000711f00000, 0x0000000711f00000|100%| E|CS|TAMS 0x0000000711e00000, 0x0000000711e00000| Complete 
| 241|0x0000000711f00000, 0x0000000712000000, 0x0000000712000000|100%| E|CS|TAMS 0x0000000711f00000, 0x0000000711f00000| Complete 
| 242|0x0000000712000000, 0x0000000712100000, 0x0000000712100000|100%| E|CS|TAMS 0x0000000712000000, 0x0000000712000000| Complete 
| 243|0x0000000712100000, 0x0000000712200000, 0x0000000712200000|100%| E|CS|TAMS 0x0000000712100000, 0x0000000712100000| Complete 
| 244|0x0000000712200000, 0x0000000712300000, 0x0000000712300000|100%| E|CS|TAMS 0x0000000712200000, 0x0000000712200000| Complete 
| 245|0x0000000712300000, 0x0000000712400000, 0x0000000712400000|100%| E|CS|TAMS 0x0000000712300000, 0x0000000712300000| Complete 
| 246|0x0000000712400000, 0x0000000712500000, 0x0000000712500000|100%| E|CS|TAMS 0x0000000712400000, 0x0000000712400000| Complete 
| 247|0x0000000712500000, 0x0000000712600000, 0x0000000712600000|100%| E|CS|TAMS 0x0000000712500000, 0x0000000712500000| Complete 
| 248|0x0000000712600000, 0x0000000712700000, 0x0000000712700000|100%| E|CS|TAMS 0x0000000712600000, 0x0000000712600000| Complete 
| 249|0x0000000712700000, 0x0000000712800000, 0x0000000712800000|100%| E|CS|TAMS 0x0000000712700000, 0x0000000712700000| Complete 
| 250|0x0000000712800000, 0x0000000712900000, 0x0000000712900000|100%| E|CS|TAMS 0x0000000712800000, 0x0000000712800000| Complete 
| 251|0x0000000712900000, 0x0000000712a00000, 0x0000000712a00000|100%| E|CS|TAMS 0x0000000712900000, 0x0000000712900000| Complete 
| 252|0x0000000712a00000, 0x0000000712b00000, 0x0000000712b00000|100%| E|CS|TAMS 0x0000000712a00000, 0x0000000712a00000| Complete 
| 253|0x0000000712b00000, 0x0000000712c00000, 0x0000000712c00000|100%| E|CS|TAMS 0x0000000712b00000, 0x0000000712b00000| Complete 

Card table byte_map: [0x0000019f31e40000,0x0000019f32630000] _byte_map_base: 0x0000019f2e629000

Marking Bits (Prev, Next): (CMBitMap*) 0x0000019f17adee40, (CMBitMap*) 0x0000019f17adee08
 Prev Bits: [0x0000019f36d70000, 0x0000019f3acb8000)
 Next Bits: [0x0000019f32e20000, 0x0000019f36d68000)

Polling page: 0x0000019f17b50000

Metaspace:

Usage:
  Non-class:     27.84 MB capacity,    27.02 MB ( 97%) used,   681.80 KB (  2%) free+waste,   156.56 KB ( <1%) overhead. 
      Class:      4.30 MB capacity,     3.77 MB ( 88%) used,   470.77 KB ( 11%) free+waste,    78.19 KB (  2%) overhead. 
       Both:     32.14 MB capacity,    30.78 MB ( 96%) used,     1.13 MB (  4%) free+waste,   234.75 KB ( <1%) overhead. 

Virtual space:
  Non-class space:       28.00 MB reserved,      27.92 MB (>99%) committed 
      Class space:        1.00 GB reserved,       4.38 MB ( <1%) committed 
             Both:        1.03 GB reserved,      32.30 MB (  3%) committed 

Chunk freelists:
   Non-Class:  22.00 KB
       Class:  11.00 KB
        Both:  33.00 KB

MaxMetaspaceSize: 17179869184.00 GB
CompressedClassSpaceSize: 1.00 GB
Initial GC threshold: 20.80 MB
Current GC threshold: 35.08 MB
CDS: off

CodeHeap 'non-profiled nmethods': size=120000Kb used=4537Kb max_used=4537Kb free=115463Kb
 bounds [0x0000019f29490000, 0x0000019f29900000, 0x0000019f309c0000]
CodeHeap 'profiled nmethods': size=120000Kb used=14439Kb max_used=14439Kb free=105560Kb
 bounds [0x0000019f21f60000, 0x0000019f22d80000, 0x0000019f29490000]
CodeHeap 'non-nmethods': size=5760Kb used=1492Kb max_used=1564Kb free=4267Kb
 bounds [0x0000019f219c0000, 0x0000019f21c30000, 0x0000019f21f60000]
 total_blobs=7039 nmethods=6202 adapters=746
 compilation: enabled
              stopped_count=0, restarted_count=0
 full_count=0

Compilation events (20 events):
Event: 836.873 Thread 0x0000019f3e397800 6196       3       javafx.scene.Parent$3::<init> (11 bytes)
Event: 836.873 Thread 0x0000019f3e397800 nmethod 6196 0x0000019f22d75590 code [0x0000019f22d757a0, 0x0000019f22d75ea8]
Event: 836.873 Thread 0x0000019f3e397800 6197       3       javafx.scene.Parent$4::<init> (10 bytes)
Event: 836.874 Thread 0x0000019f3e397800 nmethod 6197 0x0000019f22d76110 code [0x0000019f22d763a0, 0x0000019f22d77128]
Event: 836.874 Thread 0x0000019f3e397800 6198       3       com.sun.javafx.scene.ParentHelper::initHelper (8 bytes)
Event: 836.875 Thread 0x0000019f3e397800 nmethod 6198 0x0000019f22d77510 code [0x0000019f22d776e0, 0x0000019f22d779b8]
Event: 836.875 Thread 0x0000019f3e397800 6199       3       com.sun.javafx.scene.ParentHelper::getInstance (4 bytes)
Event: 836.875 Thread 0x0000019f3e397800 nmethod 6199 0x0000019f22d77b90 code [0x0000019f22d77d40, 0x0000019f22d77e38]
Event: 836.875 Thread 0x0000019f3e397800 6200       3       javafx.scene.shape.Shape::fillProperty (27 bytes)
Event: 836.875 Thread 0x0000019f3e397800 nmethod 6200 0x0000019f22d77f10 code [0x0000019f22d780e0, 0x0000019f22d784c8]
Event: 836.875 Thread 0x0000019f3e397800 6201       1       javafx.scene.layout.GridPane::getRowConstraints (5 bytes)
Event: 836.875 Thread 0x0000019f3e397800 nmethod 6201 0x0000019f298f6c10 code [0x0000019f298f6dc0, 0x0000019f298f6e78]
Event: 836.881 Thread 0x0000019f3e397800 6203       3       java.util.Objects::equals (23 bytes)
Event: 836.881 Thread 0x0000019f3e397800 nmethod 6203 0x0000019f22d78610 code [0x0000019f22d787e0, 0x0000019f22d78a68]
Event: 836.884 Thread 0x0000019f3e397800 6205       3       com.sun.javafx.sg.prism.NGNode::setDepthTest (18 bytes)
Event: 836.884 Thread 0x0000019f3e397800 nmethod 6205 0x0000019f22d78b10 code [0x0000019f22d78cc0, 0x0000019f22d78ec8]
Event: 836.884 Thread 0x0000019f3e397800 6206       3       javafx.scene.Node::getBlendMode (22 bytes)
Event: 836.884 Thread 0x0000019f3e397800 nmethod 6206 0x0000019f22d78f90 code [0x0000019f22d79160, 0x0000019f22d79488]
Event: 836.884 Thread 0x0000019f3e397800 6207       3       com.sun.javafx.sg.prism.NGNode::setNodeBlendMode (22 bytes)
Event: 836.885 Thread 0x0000019f3e397800 nmethod 6207 0x0000019f22d79590 code [0x0000019f22d79780, 0x0000019f22d79c18]

GC Heap History (10 events):
Event: 0.770 GC heap before
{Heap before GC invocations=0 (full 0):
 garbage-first heap   total 260096K, used 23552K [0x0000000702e00000, 0x0000000800000000)
  region size 1024K, 24 young (24576K), 0 survivors (0K)
 Metaspace       used 12079K, capacity 12493K, committed 12672K, reserved 1060864K
  class space    used 1250K, capacity 1405K, committed 1408K, reserved 1048576K
}
Event: 0.773 GC heap after
{Heap after GC invocations=1 (full 0):
 garbage-first heap   total 260096K, used 3160K [0x0000000702e00000, 0x0000000800000000)
  region size 1024K, 3 young (3072K), 3 survivors (3072K)
 Metaspace       used 12079K, capacity 12493K, committed 12672K, reserved 1060864K
  class space    used 1250K, capacity 1405K, committed 1408K, reserved 1048576K
}
Event: 1.624 GC heap before
{Heap before GC invocations=1 (full 0):
 garbage-first heap   total 260096K, used 29784K [0x0000000702e00000, 0x0000000800000000)
  region size 1024K, 30 young (30720K), 3 survivors (3072K)
 Metaspace       used 20585K, capacity 21174K, committed 21296K, reserved 1069056K
  class space    used 2380K, capacity 2636K, committed 2688K, reserved 1048576K
}
Event: 1.637 GC heap after
{Heap after GC invocations=2 (full 0):
 garbage-first heap   total 260096K, used 8222K [0x0000000702e00000, 0x0000000800000000)
  region size 1024K, 8 young (8192K), 8 survivors (8192K)
 Metaspace       used 20585K, capacity 21174K, committed 21296K, reserved 1069056K
  class space    used 2380K, capacity 2636K, committed 2688K, reserved 1048576K
}
Event: 130.858 GC heap before
{Heap before GC invocations=3 (full 0):
 garbage-first heap   total 260096K, used 54302K [0x0000000702e00000, 0x0000000800000000)
  region size 1024K, 50 young (51200K), 8 survivors (8192K)
 Metaspace       used 29099K, capacity 30349K, committed 30640K, reserved 1075200K
  class space    used 3693K, capacity 4230K, committed 4352K, reserved 1048576K
}
Event: 130.871 GC heap after
{Heap after GC invocations=4 (full 0):
 garbage-first heap   total 260096K, used 16298K [0x0000000702e00000, 0x0000000800000000)
  region size 1024K, 7 young (7168K), 7 survivors (7168K)
 Metaspace       used 29099K, capacity 30349K, committed 30640K, reserved 1075200K
  class space    used 3693K, capacity 4230K, committed 4352K, reserved 1048576K
}
Event: 158.152 GC heap before
{Heap before GC invocations=4 (full 0):
 garbage-first heap   total 260096K, used 78762K [0x0000000702e00000, 0x0000000800000000)
  region size 1024K, 68 young (69632K), 7 survivors (7168K)
 Metaspace       used 30215K, capacity 31483K, committed 31664K, reserved 1077248K
  class space    used 3721K, capacity 4263K, committed 4352K, reserved 1048576K
}
Event: 158.158 GC heap after
{Heap after GC invocations=5 (full 0):
 garbage-first heap   total 260096K, used 18476K [0x0000000702e00000, 0x0000000800000000)
  region size 1024K, 3 young (3072K), 3 survivors (3072K)
 Metaspace       used 30215K, capacity 31483K, committed 31664K, reserved 1077248K
  class space    used 3721K, capacity 4263K, committed 4352K, reserved 1048576K
}
Event: 180.211 GC heap before
{Heap before GC invocations=5 (full 0):
 garbage-first heap   total 260096K, used 146476K [0x0000000702e00000, 0x0000000800000000)
  region size 1024K, 129 young (132096K), 3 survivors (3072K)
 Metaspace       used 30438K, capacity 31740K, committed 31920K, reserved 1077248K
  class space    used 3721K, capacity 4263K, committed 4352K, reserved 1048576K
}
Event: 180.214 GC heap after
{Heap after GC invocations=6 (full 0):
 garbage-first heap   total 260096K, used 18680K [0x0000000702e00000, 0x0000000800000000)
  region size 1024K, 3 young (3072K), 3 survivors (3072K)
 Metaspace       used 30438K, capacity 31740K, committed 31920K, reserved 1077248K
  class space    used 3721K, capacity 4263K, committed 4352K, reserved 1048576K
}

Deoptimization events (20 events):
Event: 775.280 Thread 0x0000019f3ecbf000 DEOPT PACKING pc=0x0000019f297c1f04 sp=0x0000000ba66fc130
Event: 775.280 Thread 0x0000019f3ecbf000 DEOPT UNPACKING pc=0x0000019f21a0a1af sp=0x0000000ba66fc0f0 mode 2
Event: 800.997 Thread 0x0000019f3ee24000 Uncommon trap: trap_request=0xffffff4d fr.pc=0x0000019f298b2bf0 relative=0x0000000000000130
Event: 800.997 Thread 0x0000019f3ee24000 Uncommon trap: reason=unstable_if action=reinterpret pc=0x0000019f298b2bf0 method=com.sun.prism.impl.ManagedResource.bumpAge(I)V @ 7 c2
Event: 800.997 Thread 0x0000019f3ee24000 DEOPT PACKING pc=0x0000019f298b2bf0 sp=0x0000000ba64ff010
Event: 800.997 Thread 0x0000019f3ee24000 DEOPT UNPACKING pc=0x0000019f21a0a1af sp=0x0000000ba64fef48 mode 2
Event: 834.923 Thread 0x0000019f3ee24000 DEOPT PACKING pc=0x0000019f22d58f4a sp=0x0000000ba64fefe0
Event: 834.923 Thread 0x0000019f3ee24000 DEOPT UNPACKING pc=0x0000019f21a0a95e sp=0x0000000ba64fe4b8 mode 0
Event: 836.847 Thread 0x0000019f3ecbf000 Uncommon trap: trap_request=0xffffffde fr.pc=0x0000019f29605e3c relative=0x000000000000007c
Event: 836.847 Thread 0x0000019f3ecbf000 Uncommon trap: reason=class_check action=maybe_recompile pc=0x0000019f29605e3c method=com.sun.javafx.collections.VetoableListDecorator.size()I @ 4 c2
Event: 836.847 Thread 0x0000019f3ecbf000 DEOPT PACKING pc=0x0000019f29605e3c sp=0x0000000ba66fa9d0
Event: 836.847 Thread 0x0000019f3ecbf000 DEOPT UNPACKING pc=0x0000019f21a0a1af sp=0x0000000ba66fa960 mode 2
Event: 836.847 Thread 0x0000019f3ecbf000 Uncommon trap: trap_request=0xffffffde fr.pc=0x0000019f29605e3c relative=0x000000000000007c
Event: 836.848 Thread 0x0000019f3ecbf000 Uncommon trap: reason=class_check action=maybe_recompile pc=0x0000019f29605e3c method=com.sun.javafx.collections.VetoableListDecorator.size()I @ 4 c2
Event: 836.848 Thread 0x0000019f3ecbf000 DEOPT PACKING pc=0x0000019f29605e3c sp=0x0000000ba66fa9d0
Event: 836.848 Thread 0x0000019f3ecbf000 DEOPT UNPACKING pc=0x0000019f21a0a1af sp=0x0000000ba66fa960 mode 2
Event: 836.857 Thread 0x0000019f3ecbf000 Uncommon trap: trap_request=0xffffff4d fr.pc=0x0000019f29850980 relative=0x000000000000b760
Event: 836.857 Thread 0x0000019f3ecbf000 Uncommon trap: reason=unstable_if action=reinterpret pc=0x0000019f29850980 method=com.sun.javafx.css.StyleManager$CacheContainer.getStyleCache()Ljava/util/Map; @ 4 c2
Event: 836.857 Thread 0x0000019f3ecbf000 DEOPT PACKING pc=0x0000019f29850980 sp=0x0000000ba66fa300
Event: 836.857 Thread 0x0000019f3ecbf000 DEOPT UNPACKING pc=0x0000019f21a0a1af sp=0x0000000ba66fa1b0 mode 2

Classes redefined (0 events):
No events

Internal exceptions (20 events):
Event: 130.025 Thread 0x0000019f3ecbf000 Implicit null exception at 0x0000019f295bd2f0 to 0x0000019f295bd35c
Event: 130.104 Thread 0x0000019f3ecbf000 Exception <a 'java/lang/NoSuchMethodError'{0x000000070fc99090}: 'java.lang.Object java.lang.invoke.Invokers$Holder.linkToTargetMethod(java.lang.Object, int, int, java.lang.Object)'> (0x000000070fc99090) thrown at [./src/hotspot/share/interpreter/linkResolver.cpp, line 773]
Event: 130.808 Thread 0x0000019f3ecbf000 Exception <a 'java/lang/NoSuchMethodError'{0x000000070fce6f18}: 'java.lang.Object java.lang.invoke.DirectMethodHandle$Holder.invokeStatic(java.lang.Object, java.lang.Object, int, int, int, int, int, java.lang.Object)'> (0x000000070fce6f18) thrown at [./src/hotspot/share/interpreter/linkResolver.cpp, line 773]
Event: 130.808 Thread 0x0000019f3ecbf000 Exception <a 'java/lang/NoSuchMethodError'{0x000000070fb0f0a8}: 'java.lang.Object java.lang.invoke.DirectMethodHandle$Holder.invokeStatic(java.lang.Object, java.lang.Object, java.lang.Object, int, int, int, int, int)'> (0x000000070fb0f0a8) thrown at [./src/hotspot/share/interpreter/linkResolver.cpp, line 773]
Event: 130.809 Thread 0x0000019f3ecbf000 Exception <a 'java/lang/NoSuchMethodError'{0x000000070fb15918}: 'java.lang.Object java.lang.invoke.Invokers$Holder.linkToTargetMethod(java.lang.Object, java.lang.Object, int, int, int, int, int, java.lang.Object)'> (0x000000070fb15918) thrown at [./src/hotspot/share/interpreter/linkResolver.cpp, line 773]
Event: 130.874 Thread 0x0000019f3ecbf000 Exception <a 'java/io/FileNotFoundException'{0x0000000712b0e088}> (0x0000000712b0e088) thrown at [./src/hotspot/share/prims/jni.cpp, line 617]
Event: 133.160 Thread 0x0000019f45ec0000 Exception <a 'java/lang/NoSuchMethodError'{0x00000007122d9f78}: 'java.lang.Object java.lang.invoke.DirectMethodHandle$Holder.invokeSpecial(java.lang.Object, java.lang.Object, int, int, int, java.lang.Object, java.lang.Object, java.lang.Object)'> (0x00000007122d9f78) thrown at [./src/hotspot/share/interpreter/linkResolver.cpp, line 773]
Event: 133.160 Thread 0x0000019f45ec0000 Exception <a 'java/lang/NoSuchMethodError'{0x00000007122dd5b8}: 'java.lang.Object java.lang.invoke.DelegatingMethodHandle$Holder.reinvoke_L(java.lang.Object, int, int, int, java.lang.Object, java.lang.Object, java.lang.Object)'> (0x00000007122dd5b8) thrown at [./src/hotspot/share/interpreter/linkResolver.cpp, line 773]
Event: 133.161 Thread 0x0000019f45ec0000 Exception <a 'java/lang/NoSuchMethodError'{0x00000007122e49f0}: 'java.lang.Object java.lang.invoke.DirectMethodHandle$Holder.invokeStatic(java.lang.Object, java.lang.Object, java.lang.Object, java.lang.Object, java.lang.Object, int)'> (0x00000007122e49f0) thrown at [./src/hotspot/share/interpreter/linkResolver.cpp, line 773]
Event: 160.181 Thread 0x0000019f3ecbf000 Implicit null exception at 0x0000019f29716f6c to 0x0000019f2971769a
Event: 160.181 Thread 0x0000019f3ecbf000 Implicit null exception at 0x0000019f29701e6b to 0x0000019f2970221c
Event: 207.608 Thread 0x0000019f3ecbf000 Exception <a 'java/lang/NoSuchMethodError'{0x00000007107ad1a8}: 'java.lang.Object java.lang.invoke.DirectMethodHandle$Holder.invokeStatic(java.lang.Object, java.lang.Object, java.lang.Object, double, double, double, double, int, int, int, int, int, int, int, int, int)'> (0x00000007107ad1a8) thrown at [./src/hotspot/share/interpreter/linkResolver.cpp, line 773]
Event: 219.539 Thread 0x0000019f3ecbf000 Exception <a 'java/io/FileNotFoundException'{0x000000071037d700}> (0x000000071037d700) thrown at [./src/hotspot/share/prims/jni.cpp, line 617]
Event: 219.586 Thread 0x0000019f3ee24000 Implicit null exception at 0x0000019f297617cf to 0x0000019f29766442
Event: 771.587 Thread 0x0000019f3ecbf000 Implicit null exception at 0x0000019f297e0aeb to 0x0000019f297e4af0
Event: 771.587 Thread 0x0000019f3ecbf000 Exception <a 'java/io/FileNotFoundException'{0x000000070e0b65d8}> (0x000000070e0b65d8) thrown at [./src/hotspot/share/prims/jni.cpp, line 617]
Event: 771.600 Thread 0x0000019f3ecbf000 Implicit null exception at 0x0000019f297f7b80 to 0x0000019f298000f4
Event: 771.616 Thread 0x0000019f3ecbf000 Implicit null exception at 0x0000019f294e27e9 to 0x0000019f294e29bc
Event: 836.847 Thread 0x0000019f3ecbf000 Exception <a 'java/io/FileNotFoundException'{0x000000070d8fc650}> (0x000000070d8fc650) thrown at [./src/hotspot/share/prims/jni.cpp, line 617]
Event: 836.857 Thread 0x0000019f3ecbf000 Implicit null exception at 0x0000019f298455b9 to 0x0000019f29850958

Events (20 events):
Event: 771.650 Executing VM operation: RevokeBias
Event: 771.651 Executing VM operation: RevokeBias done
Event: 772.027 Thread 0x0000019f49dc4000 Thread exited: 0x0000019f49dc4000
Event: 773.648 loading class com/sun/javafx/tk/quantum/GlassScene
Event: 773.648 loading class com/sun/javafx/tk/quantum/GlassScene done
Event: 773.648 loading class com/sun/javafx/tk/quantum/WindowStage
Event: 773.648 loading class com/sun/javafx/tk/quantum/WindowStage done
Event: 773.648 loading class com/sun/prism/GraphicsResource
Event: 773.648 loading class com/sun/prism/GraphicsResource done
Event: 773.648 loading class com/sun/prism/GraphicsResource
Event: 773.648 loading class com/sun/prism/GraphicsResource done
Event: 773.649 loading class com/sun/javafx/tk/quantum/ViewScene
Event: 773.649 loading class com/sun/javafx/tk/quantum/ViewScene done
Event: 773.649 loading class com/sun/javafx/tk/quantum/WindowStage
Event: 773.649 loading class com/sun/javafx/tk/quantum/WindowStage done
Event: 774.451 Loaded shared library C:\Users\23076\.openjfx\cache\17.0.2-ea\prism_d3d.dll
Event: 775.119 Loaded shared library C:\Users\23076\.openjfx\cache\17.0.2-ea\prism_d3d.dll
Event: 836.845 Thread 0x0000019f45cac800 Thread added: 0x0000019f45cac800
Event: 836.886 Executing VM operation: RevokeBias
Event: 836.887 Executing VM operation: RevokeBias done


Dynamic libraries:
0x00007ff76f040000 - 0x00007ff76f04d000 	C:\Users\23076\.jdks\corretto-11.0.18\bin\java.exe
0x00007ffed57d0000 - 0x00007ffed59e4000 	C:\WINDOWS\SYSTEM32\ntdll.dll
0x00007ffed4f60000 - 0x00007ffed5023000 	C:\WINDOWS\System32\KERNEL32.DLL
0x00007ffed2c10000 - 0x00007ffed2fac000 	C:\WINDOWS\System32\KERNELBASE.dll
0x00007ffed3100000 - 0x00007ffed3211000 	C:\WINDOWS\System32\ucrtbase.dll
0x00007ffebd510000 - 0x00007ffebd527000 	C:\Users\23076\.jdks\corretto-11.0.18\bin\jli.dll
0x00007ffebd4f0000 - 0x00007ffebd509000 	C:\Users\23076\.jdks\corretto-11.0.18\bin\VCRUNTIME140.dll
0x00007ffed35e0000 - 0x00007ffed378d000 	C:\WINDOWS\System32\USER32.dll
0x00007ffed2fb0000 - 0x00007ffed2fd6000 	C:\WINDOWS\System32\win32u.dll
0x00007ffed5030000 - 0x00007ffed5059000 	C:\WINDOWS\System32\GDI32.dll
0x00007ffebf400000 - 0x00007ffebf68e000 	C:\WINDOWS\WinSxS\amd64_microsoft.windows.common-controls_6595b64144ccf1df_6.0.22621.608_none_a9444ca7c10bb01d\COMCTL32.dll
0x00007ffed3290000 - 0x00007ffed33a3000 	C:\WINDOWS\System32\gdi32full.dll
0x00007ffed4d10000 - 0x00007ffed4db7000 	C:\WINDOWS\System32\msvcrt.dll
0x00007ffed2fe0000 - 0x00007ffed307a000 	C:\WINDOWS\System32\msvcp_win.dll
0x00007ffed4820000 - 0x00007ffed4851000 	C:\WINDOWS\System32\IMM32.DLL
0x00007ffe79660000 - 0x00007ffe796fb000 	C:\Users\23076\.jdks\corretto-11.0.18\bin\msvcp140.dll
0x00007ffe506b0000 - 0x00007ffe5123a000 	C:\Users\23076\.jdks\corretto-11.0.18\bin\server\jvm.dll
0x00007ffed53f0000 - 0x00007ffed549e000 	C:\WINDOWS\System32\ADVAPI32.dll
0x00007ffed38a0000 - 0x00007ffed3944000 	C:\WINDOWS\System32\sechost.dll
0x00007ffed5550000 - 0x00007ffed5665000 	C:\WINDOWS\System32\RPCRT4.dll
0x00007ffed49c0000 - 0x00007ffed49c8000 	C:\WINDOWS\System32\PSAPI.DLL
0x00007ffeb1e90000 - 0x00007ffeb1e99000 	C:\WINDOWS\SYSTEM32\WSOCK32.dll
0x00007ffecc0e0000 - 0x00007ffecc114000 	C:\WINDOWS\SYSTEM32\WINMM.dll
0x00007ffed47a0000 - 0x00007ffed4811000 	C:\WINDOWS\System32\WS2_32.dll
0x00007ffecc640000 - 0x00007ffecc64a000 	C:\WINDOWS\SYSTEM32\VERSION.dll
0x00007ffed1d50000 - 0x00007ffed1d68000 	C:\WINDOWS\SYSTEM32\kernel.appcore.dll
0x00007ffeccf00000 - 0x00007ffeccf10000 	C:\Users\23076\.jdks\corretto-11.0.18\bin\verify.dll
0x00007ffed0610000 - 0x00007ffed083e000 	C:\WINDOWS\SYSTEM32\DBGHELP.DLL
0x00007ffed5060000 - 0x00007ffed53e9000 	C:\WINDOWS\System32\combase.dll
0x00007ffed4240000 - 0x00007ffed4317000 	C:\WINDOWS\System32\OLEAUT32.dll
0x00007ffecb710000 - 0x00007ffecb742000 	C:\WINDOWS\SYSTEM32\dbgcore.DLL
0x00007ffed3080000 - 0x00007ffed30fb000 	C:\WINDOWS\System32\bcryptPrimitives.dll
0x00007ffebd440000 - 0x00007ffebd468000 	C:\Users\23076\.jdks\corretto-11.0.18\bin\java.dll
0x00007ffec9980000 - 0x00007ffec998a000 	C:\Users\23076\.jdks\corretto-11.0.18\bin\jimage.dll
0x00007ffec6ca0000 - 0x00007ffec6cae000 	C:\Users\23076\.jdks\corretto-11.0.18\bin\instrument.dll
0x00007ffebb6a0000 - 0x00007ffebb6b8000 	C:\Users\23076\.jdks\corretto-11.0.18\bin\zip.dll
0x00007ffed3a10000 - 0x00007ffed4200000 	C:\WINDOWS\System32\SHELL32.dll
0x00007ffed0c30000 - 0x00007ffed14fe000 	C:\WINDOWS\SYSTEM32\windows.storage.dll
0x00007ffed0af0000 - 0x00007ffed0c2e000 	C:\WINDOWS\SYSTEM32\wintypes.dll
0x00007ffed4860000 - 0x00007ffed4951000 	C:\WINDOWS\System32\SHCORE.dll
0x00007ffed3950000 - 0x00007ffed39ae000 	C:\WINDOWS\System32\shlwapi.dll
0x00007ffed2b40000 - 0x00007ffed2b61000 	C:\WINDOWS\SYSTEM32\profapi.dll
0x00007ffebb400000 - 0x00007ffebb419000 	C:\Users\23076\.jdks\corretto-11.0.18\bin\net.dll
0x00007ffecbfb0000 - 0x00007ffecc0df000 	C:\WINDOWS\SYSTEM32\WINHTTP.dll
0x00007ffed21c0000 - 0x00007ffed2229000 	C:\WINDOWS\system32\mswsock.dll
0x00007ffeac790000 - 0x00007ffeac7a3000 	C:\Users\23076\.jdks\corretto-11.0.18\bin\nio.dll
0x00007ffeac2b0000 - 0x00007ffeac2ca000 	D:\SoftwareStorage\Develop\JetBrains\apps\IDEA-U\ch-0\223.8617.56\bin\breakgen64.dll
0x0000019f3ef10000 - 0x0000019f3ef13000 	C:\Users\23076\.openjfx\cache\17.0.2-ea\api-ms-win-core-console-l1-1-0.dll
0x0000019f3ef20000 - 0x0000019f3ef23000 	C:\Users\23076\.openjfx\cache\17.0.2-ea\api-ms-win-core-console-l1-2-0.dll
0x0000019f3ef30000 - 0x0000019f3ef33000 	C:\Users\23076\.openjfx\cache\17.0.2-ea\api-ms-win-core-datetime-l1-1-0.dll
0x0000019f3ef40000 - 0x0000019f3ef43000 	C:\Users\23076\.openjfx\cache\17.0.2-ea\api-ms-win-core-debug-l1-1-0.dll
0x0000019f3ef50000 - 0x0000019f3ef53000 	C:\Users\23076\.openjfx\cache\17.0.2-ea\api-ms-win-core-errorhandling-l1-1-0.dll
0x0000019f3ef60000 - 0x0000019f3ef64000 	C:\Users\23076\.openjfx\cache\17.0.2-ea\api-ms-win-core-file-l1-1-0.dll
0x0000019f3ef70000 - 0x0000019f3ef73000 	C:\Users\23076\.openjfx\cache\17.0.2-ea\api-ms-win-core-file-l1-2-0.dll
0x0000019f3f180000 - 0x0000019f3f183000 	C:\Users\23076\.openjfx\cache\17.0.2-ea\api-ms-win-core-file-l2-1-0.dll
0x0000019f3f190000 - 0x0000019f3f193000 	C:\Users\23076\.openjfx\cache\17.0.2-ea\api-ms-win-core-handle-l1-1-0.dll
0x0000019f3f1a0000 - 0x0000019f3f1a3000 	C:\Users\23076\.openjfx\cache\17.0.2-ea\api-ms-win-core-heap-l1-1-0.dll
0x0000019f3f1b0000 - 0x0000019f3f1b3000 	C:\Users\23076\.openjfx\cache\17.0.2-ea\api-ms-win-core-interlocked-l1-1-0.dll
0x0000019f3f1c0000 - 0x0000019f3f1c3000 	C:\Users\23076\.openjfx\cache\17.0.2-ea\api-ms-win-core-libraryloader-l1-1-0.dll
0x0000019f3f1d0000 - 0x0000019f3f1d3000 	C:\Users\23076\.openjfx\cache\17.0.2-ea\api-ms-win-core-localization-l1-2-0.dll
0x0000019f3f1e0000 - 0x0000019f3f1e3000 	C:\Users\23076\.openjfx\cache\17.0.2-ea\api-ms-win-core-memory-l1-1-0.dll
0x0000019f3f1f0000 - 0x0000019f3f1f3000 	C:\Users\23076\.openjfx\cache\17.0.2-ea\api-ms-win-core-namedpipe-l1-1-0.dll
0x0000019f3f200000 - 0x0000019f3f203000 	C:\Users\23076\.openjfx\cache\17.0.2-ea\api-ms-win-core-processenvironment-l1-1-0.dll
0x0000019f3f210000 - 0x0000019f3f213000 	C:\Users\23076\.openjfx\cache\17.0.2-ea\api-ms-win-core-processthreads-l1-1-0.dll
0x0000019f3f220000 - 0x0000019f3f223000 	C:\Users\23076\.openjfx\cache\17.0.2-ea\api-ms-win-core-processthreads-l1-1-1.dll
0x0000019f3f230000 - 0x0000019f3f233000 	C:\Users\23076\.openjfx\cache\17.0.2-ea\api-ms-win-core-profile-l1-1-0.dll
0x0000019f3f240000 - 0x0000019f3f243000 	C:\Users\23076\.openjfx\cache\17.0.2-ea\api-ms-win-core-rtlsupport-l1-1-0.dll
0x0000019f3f250000 - 0x0000019f3f253000 	C:\Users\23076\.openjfx\cache\17.0.2-ea\api-ms-win-core-string-l1-1-0.dll
0x0000019f3f260000 - 0x0000019f3f263000 	C:\Users\23076\.openjfx\cache\17.0.2-ea\api-ms-win-core-synch-l1-1-0.dll
0x0000019f3f270000 - 0x0000019f3f273000 	C:\Users\23076\.openjfx\cache\17.0.2-ea\api-ms-win-core-synch-l1-2-0.dll
0x0000019f3f280000 - 0x0000019f3f283000 	C:\Users\23076\.openjfx\cache\17.0.2-ea\api-ms-win-core-sysinfo-l1-1-0.dll
0x0000019f3f290000 - 0x0000019f3f293000 	C:\Users\23076\.openjfx\cache\17.0.2-ea\api-ms-win-core-timezone-l1-1-0.dll
0x0000019f3f2a0000 - 0x0000019f3f2a3000 	C:\Users\23076\.openjfx\cache\17.0.2-ea\api-ms-win-core-util-l1-1-0.dll
0x0000019f3f2b0000 - 0x0000019f3f2b3000 	C:\Users\23076\.openjfx\cache\17.0.2-ea\api-ms-win-crt-conio-l1-1-0.dll
0x0000019f3f2c0000 - 0x0000019f3f2c4000 	C:\Users\23076\.openjfx\cache\17.0.2-ea\api-ms-win-crt-convert-l1-1-0.dll
0x0000019f3f2d0000 - 0x0000019f3f2d3000 	C:\Users\23076\.openjfx\cache\17.0.2-ea\api-ms-win-crt-environment-l1-1-0.dll
0x0000019f3f2e0000 - 0x0000019f3f2e3000 	C:\Users\23076\.openjfx\cache\17.0.2-ea\api-ms-win-crt-filesystem-l1-1-0.dll
0x0000019f3f2f0000 - 0x0000019f3f2f3000 	C:\Users\23076\.openjfx\cache\17.0.2-ea\api-ms-win-crt-heap-l1-1-0.dll
0x0000019f3f300000 - 0x0000019f3f303000 	C:\Users\23076\.openjfx\cache\17.0.2-ea\api-ms-win-crt-locale-l1-1-0.dll
0x0000019f3f310000 - 0x0000019f3f315000 	C:\Users\23076\.openjfx\cache\17.0.2-ea\api-ms-win-crt-math-l1-1-0.dll
0x0000019f3f320000 - 0x0000019f3f325000 	C:\Users\23076\.openjfx\cache\17.0.2-ea\api-ms-win-crt-multibyte-l1-1-0.dll
0x0000019f3f330000 - 0x0000019f3f340000 	C:\Users\23076\.openjfx\cache\17.0.2-ea\api-ms-win-crt-private-l1-1-0.dll
0x0000019f3f340000 - 0x0000019f3f343000 	C:\Users\23076\.openjfx\cache\17.0.2-ea\api-ms-win-crt-process-l1-1-0.dll
0x0000019f3f350000 - 0x0000019f3f354000 	C:\Users\23076\.openjfx\cache\17.0.2-ea\api-ms-win-crt-runtime-l1-1-0.dll
0x0000019f3f360000 - 0x0000019f3f364000 	C:\Users\23076\.openjfx\cache\17.0.2-ea\api-ms-win-crt-stdio-l1-1-0.dll
0x0000019f3f370000 - 0x0000019f3f374000 	C:\Users\23076\.openjfx\cache\17.0.2-ea\api-ms-win-crt-string-l1-1-0.dll
0x0000019f3f380000 - 0x0000019f3f383000 	C:\Users\23076\.openjfx\cache\17.0.2-ea\api-ms-win-crt-time-l1-1-0.dll
0x0000019f3f390000 - 0x0000019f3f393000 	C:\Users\23076\.openjfx\cache\17.0.2-ea\api-ms-win-crt-utility-l1-1-0.dll
0x00007ffe79560000 - 0x00007ffe7965c000 	C:\Users\23076\.openjfx\cache\17.0.2-ea\ucrtbase.dll
0x00007ffeac290000 - 0x00007ffeac2aa000 	C:\Users\23076\.openjfx\cache\17.0.2-ea\vcruntime140.dll
0x00007ffebb770000 - 0x00007ffebb77c000 	C:\Users\23076\.openjfx\cache\17.0.2-ea\vcruntime140_1.dll
0x00007ffe8f230000 - 0x00007ffe8f2bd000 	C:\Users\23076\.openjfx\cache\17.0.2-ea\msvcp140.dll
0x00007ffeaab70000 - 0x00007ffeaab9a000 	C:\Users\23076\.openjfx\cache\17.0.2-ea\prism_d3d.dll
0x00007ffe55f30000 - 0x00007ffe560d9000 	C:\WINDOWS\system32\d3d9.dll
0x00007ffed0010000 - 0x00007ffed003b000 	C:\WINDOWS\SYSTEM32\dwmapi.dll
0x00007ffed0080000 - 0x00007ffed00b6000 	C:\WINDOWS\SYSTEM32\dxcore.dll
0x00007ffecfd80000 - 0x00007ffecfe2b000 	C:\WINDOWS\system32\uxtheme.dll
0x00007ffe5b2a0000 - 0x00007ffe5b44f000 	C:\WINDOWS\System32\DriverStore\FileRepository\iigd_dch.inf_amd64_a63b95fe6e6a1712\igdumdim64.dll
0x00007ffed4dc0000 - 0x00007ffed4f5c000 	C:\WINDOWS\System32\ole32.dll
0x00007ffe51240000 - 0x00007ffe542e3000 	C:\WINDOWS\System32\DriverStore\FileRepository\iigd_dch.inf_amd64_a63b95fe6e6a1712\igd9dxva64.dll
0x00007ffed4320000 - 0x00007ffed4794000 	C:\WINDOWS\System32\SETUPAPI.dll
0x00007ffed2900000 - 0x00007ffed294e000 	C:\WINDOWS\SYSTEM32\cfgmgr32.dll
0x00007ffeb6a60000 - 0x00007ffeb6e69000 	C:\WINDOWS\System32\DriverStore\FileRepository\iigd_dch.inf_amd64_a63b95fe6e6a1712\igdgmm64.dll
0x00007ffebaba0000 - 0x00007ffebabe9000 	C:\WINDOWS\SYSTEM32\directxdatabasehelper.dll
0x00007ffe90690000 - 0x00007ffe906d2000 	C:\Users\23076\.openjfx\cache\17.0.2-ea\glass.dll
0x00007ffed4c10000 - 0x00007ffed4d07000 	C:\WINDOWS\System32\COMDLG32.dll
0x00007ffed5670000 - 0x00007ffed578e000 	C:\WINDOWS\System32\MSCTF.dll
0x00007ffead0b0000 - 0x00007ffead0d7000 	C:\WINDOWS\System32\DriverStore\FileRepository\iigd_dch.inf_amd64_a63b95fe6e6a1712\igdinfo64.dll
0x00007ffed2420000 - 0x00007ffed243b000 	C:\WINDOWS\SYSTEM32\CRYPTSP.dll
0x00007ffed1cc0000 - 0x00007ffed1cf5000 	C:\WINDOWS\system32\rsaenh.dll
0x00007ffed2440000 - 0x00007ffed244c000 	C:\WINDOWS\SYSTEM32\CRYPTBASE.dll
0x00007ffed25e0000 - 0x00007ffed2608000 	C:\WINDOWS\SYSTEM32\bcrypt.dll
0x00007ffeb3060000 - 0x00007ffeb67f4000 	C:\WINDOWS\System32\DriverStore\FileRepository\iigd_dch.inf_amd64_a63b95fe6e6a1712\igc64.dll
0x00007ffeaaa80000 - 0x00007ffeaaa94000 	C:\Users\23076\.openjfx\cache\17.0.2-ea\javafx_font.dll
0x00007ffece1a0000 - 0x00007ffece407000 	C:\WINDOWS\SYSTEM32\dwrite.dll
0x00007ffea3370000 - 0x00007ffea339b000 	C:\Users\23076\.jdks\corretto-11.0.18\bin\jpcap.dll
0x00007ffed17c0000 - 0x00007ffed17ed000 	C:\WINDOWS\SYSTEM32\IPHLPAPI.DLL
0x00007ffe794d0000 - 0x00007ffe79551000 	C:\WINDOWS\SYSTEM32\wpcap.dll
0x00007ffe9f990000 - 0x00007ffe9f9c6000 	C:\WINDOWS\SYSTEM32\packet.dll
0x00007ffed4210000 - 0x00007ffed4219000 	C:\WINDOWS\System32\NSI.dll
0x00007ffecbf90000 - 0x00007ffecbfa9000 	C:\WINDOWS\SYSTEM32\dhcpcsvc6.DLL
0x00007ffecbf70000 - 0x00007ffecbf8f000 	C:\WINDOWS\SYSTEM32\dhcpcsvc.DLL
0x00007ffed3790000 - 0x00007ffed3840000 	C:\WINDOWS\System32\clbcatq.dll
0x00007ffecdc00000 - 0x00007ffecddb0000 	C:\WINDOWS\SYSTEM32\WindowsCodecs.dll
0x00007ffe9e300000 - 0x00007ffe9e35e000 	C:\WINDOWS\system32\dataexchange.dll
0x00007ffebeea0000 - 0x00007ffebf10a000 	C:\WINDOWS\system32\twinapi.appcore.dll
0x00007ffe92070000 - 0x00007ffe920a2000 	C:\Program Files\Common Files\Microsoft Shared\Ink\rtscom.dll
0x00007ffeb9620000 - 0x00007ffeb974e000 	C:\WINDOWS\SYSTEM32\textinputframework.dll

dbghelp: loaded successfully - version: 4.0.5 - missing functions: none
symbol engine: initialized successfully - sym options: 0x614 - pdb path: .;C:\Users\23076\.jdks\corretto-11.0.18\bin;C:\WINDOWS\SYSTEM32;C:\WINDOWS\WinSxS\amd64_microsoft.windows.common-controls_6595b64144ccf1df_6.0.22621.608_none_a9444ca7c10bb01d;C:\Users\23076\.jdks\corretto-11.0.18\bin\server;D:\SoftwareStorage\Develop\JetBrains\apps\IDEA-U\ch-0\223.8617.56\bin;C:\Users\23076\.openjfx\cache\17.0.2-ea;C:\WINDOWS\System32\DriverStore\FileRepository\iigd_dch.inf_amd64_a63b95fe6e6a1712;C:\Program Files\Common Files\Microsoft Shared\Ink

VM Arguments:
jvm_args: -javaagent:D:\SoftwareStorage\Develop\JetBrains\apps\IDEA-U\ch-0\223.8617.56\lib\idea_rt.jar=14848:D:\SoftwareStorage\Develop\JetBrains\apps\IDEA-U\ch-0\223.8617.56\bin -Dfile.encoding=UTF-8 --module-path=D:\FileStorage\DevelopFile\FXMLlib\jpcap.jar;C:\Users\23076\.m2\repository\org\openjfx\javafx-graphics\17.0.2\javafx-graphics-17.0.2-win.jar;C:\Users\23076\.m2\repository\org\kordamp\bootstrapfx\bootstrapfx-core\0.4.0\bootstrapfx-core-0.4.0.jar;C:\Users\23076\.m2\repository\org\kordamp\ikonli\ikonli-core\12.3.1\ikonli-core-12.3.1.jar;C:\Users\23076\.m2\repository\net\synedra\validatorfx\0.4.0\validatorfx-0.4.0.jar;C:\Users\23076\.m2\repository\org\controlsfx\controlsfx\11.1.2\controlsfx-11.1.2.jar;C:\Users\23076\.m2\repository\org\openjfx\javafx-fxml\17.0.2\javafx-fxml-17.0.2-win.jar;C:\Users\23076\.m2\repository\com\dlsc\formsfx\formsfx-core\11.5.0\formsfx-core-11.5.0.jar;D:\FileStorage\DevelopFile\CodeField\CodeField_JAVAFx\YawnSuite\YawnSuite\target\classes;C:\Users\23076\.m2\repository\org\openjfx\javafx-base\17.0.2\javafx-base-17.0.2-win.jar;D:\FileStorage\DevelopFile\FXMLlib\gson-2.3.1.jar;C:\Users\23076\.m2\repository\org\kordamp\ikonli\ikonli-javafx\12.3.1\ikonli-javafx-12.3.1.jar;C:\Users\23076\.m2\repository\org\openjfx\javafx-controls\17.0.2\javafx-controls-17.0.2-win.jar -Djdk.module.main=pers.harry_deng.yawnsuite 
java_command: pers.harry_deng.yawnsuite/pers.harry_deng.yawnsuite.Starter
java_class_path (initial): C:\Users\23076\.m2\repository\org\openjfx\javafx-controls\17.0.2\javafx-controls-17.0.2.jar;C:\Users\23076\.m2\repository\org\openjfx\javafx-graphics\17.0.2\javafx-graphics-17.0.2.jar;C:\Users\23076\.m2\repository\org\openjfx\javafx-base\17.0.2\javafx-base-17.0.2.jar;C:\Users\23076\.m2\repository\org\openjfx\javafx-fxml\17.0.2\javafx-fxml-17.0.2.jar
Launcher Type: SUN_STANDARD

[Global flags]
     intx CICompilerCount                          = 4                                         {product} {ergonomic}
     uint ConcGCThreads                            = 3                                         {product} {ergonomic}
     uint G1ConcRefinementThreads                  = 10                                        {product} {ergonomic}
   size_t G1HeapRegionSize                         = 1048576                                   {product} {ergonomic}
    uintx GCDrainStackTargetSize                   = 64                                        {product} {ergonomic}
   size_t InitialHeapSize                          = 266338304                                 {product} {ergonomic}
   size_t MarkStackSize                            = 4194304                                   {product} {ergonomic}
   size_t MaxHeapSize                              = 4246732800                                {product} {ergonomic}
   size_t MaxNewSize                               = 2548039680                                {product} {ergonomic}
   size_t MinHeapDeltaBytes                        = 1048576                                   {product} {ergonomic}
    uintx NonNMethodCodeHeapSize                   = 5836300                                {pd product} {ergonomic}
    uintx NonProfiledCodeHeapSize                  = 122910970                              {pd product} {ergonomic}
    uintx ProfiledCodeHeapSize                     = 122910970                              {pd product} {ergonomic}
    uintx ReservedCodeCacheSize                    = 251658240                              {pd product} {ergonomic}
     bool SegmentedCodeCache                       = true                                      {product} {ergonomic}
     bool UseCompressedClassPointers               = true                                 {lp64_product} {ergonomic}
     bool UseCompressedOops                        = true                                 {lp64_product} {ergonomic}
     bool UseG1GC                                  = true                                      {product} {ergonomic}
     bool UseLargePagesIndividualAllocation        = false                                  {pd product} {ergonomic}

Logging:
Log output configuration:
 #0: stdout all=warning uptime,level,tags
 #1: stderr all=off uptime,level,tags

Environment Variables:
PATH=D:\SoftwareStorage\Develop\VMware\bin\;C:\WINDOWS\system32;C:\WINDOWS;C:\WINDOWS\System32\Wbem;C:\WINDOWS\System32\WindowsPowerShell\v1.0\;C:\WINDOWS\System32\OpenSSH\;D:\SoftwareStorage\Utilities\Bandizip\;D:\SoftwareStorage\Develop\anaconda3\Lib\site-packages\parso\python;D:\FileStorage\DevelopFile\SDKStorage\corretto-1.8.0_342\bin;D:\SoftwareStorage\Develop\nodejs\;D:\SoftwareStorage\Tools\Git\cmd;D:\SoftwareStorage\Develop\anaconda3\condabin;D:\SoftwareStorage\Develop\anaconda3;C:\Program Files\dotnet\;C:\Users\23076\AppData\Local\Microsoft\WindowsApps;C:\Users\23076\AppData\Local\JetBrains\Toolbox\scripts;D:\SoftwareStorage\Develop\Microsoft VS Code\bin;C:\Users\23076\AppData\Roaming\npm
USERNAME=23076
OS=Windows_NT
PROCESSOR_IDENTIFIER=Intel64 Family 6 Model 158 Stepping 10, GenuineIntel
TMP=C:\Users\23076\AppData\Local\Temp
TEMP=C:\Users\23076\AppData\Local\Temp



---------------  S Y S T E M  ---------------

OS: Windows 11 , 64 bit Build 22621 (10.0.22621.1344)
OS uptime: 5 days 11:37 hours

CPU:total 12 (initial active 12) (6 cores per cpu, 2 threads per core) family 6 model 158 stepping 10 microcode 0xde, cmov, cx8, fxsr, mmx, sse, sse2, sse3, ssse3, sse4.1, sse4.2, popcnt, avx, avx2, aes, clmul, erms, 3dnowpref, lzcnt, ht, tsc, tscinvbit, bmi1, bmi2, adx, fma

Memory: 4k page, system-wide physical 16193M (522M free)
TotalPageFile size 28010M (AvailPageFile size 3151M)
current process WorkingSet (physical memory assigned to process): 388M, peak: 402M
current process commit charge ("private bytes"): 509M, peak: 525M

vm_info: OpenJDK 64-Bit Server VM (11.0.18+10-LTS) for windows-amd64 JRE (11.0.18+10-LTS), built on Jan 10 2023 20:17:52 by "Administrator" with MS VC++ 15.9 (VS2017)

END.
